[0121 09:35:19 INFO ] [main--org.hibernate.validator.internal.util.Version:17 ] - HV000001: Hibernate Validator 5.2.2.Final
[0121 09:37:36 INFO ] [main--org.hibernate.validator.internal.util.Version:17 ] - HV000001: Hibernate Validator 5.2.2.Final
[0121 15:06:44 INFO ] [main--org.hibernate.validator.internal.util.Version:17 ] - HV000001: Hibernate Validator 5.2.2.Final
[0121 15:29:44 INFO ] [main--org.springframework.context.support.ClassPathXmlApplicationContext:578 ] - Refreshing org.springframework.context.support.ClassPathXmlApplicationContext@131a24c: startup date [Thu Jan 21 15:29:44 CST 2016]; root of context hierarchy
[0121 15:29:44 INFO ] [main--org.springframework.beans.factory.xml.XmlBeanDefinitionReader:317 ] - Loading XML bean definitions from class path resource [modeling/applicationContext.xml]
[0121 15:29:45 INFO ] [main--org.springframework.beans.factory.xml.XmlBeanDefinitionReader:317 ] - Loading XML bean definitions from URL [file:/E:/Github/crimenetwork/crimenetwork-oracle/target/classes/database/oracle/datasourse.xml]
[0121 15:29:45 INFO ] [main--org.springframework.beans.factory.xml.XmlBeanDefinitionReader:317 ] - Loading XML bean definitions from URL [file:/E:/Github/crimenetwork/crimenetwork-neo4j/target/classes/database/neo4j/datasourse.xml]
[0121 15:29:45 INFO ] [main--org.springframework.orm.jpa.LocalContainerEntityManagerFactoryBean:339 ] - Building JPA container EntityManagerFactory for persistence unit 'default'
[0121 15:29:46 INFO ] [main--org.hibernate.annotations.common.Version:37 ] - Hibernate Commons Annotations 3.2.0.Final
[0121 15:29:46 INFO ] [main--org.hibernate.cfg.Environment:603 ] - Hibernate 3.6.10.Final
[0121 15:29:46 INFO ] [main--org.hibernate.cfg.Environment:636 ] - hibernate.properties not found
[0121 15:29:46 INFO ] [main--org.hibernate.cfg.Environment:814 ] - Bytecode provider name : javassist
[0121 15:29:46 INFO ] [main--org.hibernate.cfg.Environment:695 ] - using JDK 1.4 java.sql.Timestamp handling
[0121 15:29:46 INFO ] [main--org.hibernate.ejb.Version:42 ] - Hibernate EntityManager 3.6.10.Final
[0121 15:29:46 INFO ] [main--org.hibernate.cfg.AnnotationBinder:532 ] - Binding entity from annotated class: org.crimenetwork.oracle.entity.cases.CaseBaseInfo
[0121 15:29:46 INFO ] [main--org.hibernate.cfg.annotations.EntityBinder:530 ] - Bind entity org.crimenetwork.oracle.entity.cases.CaseBaseInfo on table case_info
[0121 15:29:46 INFO ] [main--org.hibernate.cfg.AnnotationBinder:532 ] - Binding entity from annotated class: org.crimenetwork.oracle.entity.currency.CategoryType
[0121 15:29:46 INFO ] [main--org.hibernate.cfg.annotations.EntityBinder:530 ] - Bind entity org.crimenetwork.oracle.entity.currency.CategoryType on table jiabi_category_type
[0121 15:29:46 INFO ] [main--org.hibernate.cfg.AnnotationBinder:532 ] - Binding entity from annotated class: org.crimenetwork.oracle.entity.currency.ClassificationNumber
[0121 15:29:46 INFO ] [main--org.hibernate.cfg.annotations.EntityBinder:530 ] - Bind entity org.crimenetwork.oracle.entity.currency.ClassificationNumber on table Jiabi_identify
[0121 15:29:46 INFO ] [main--org.hibernate.cfg.AnnotationBinder:532 ] - Binding entity from annotated class: org.crimenetwork.oracle.entity.currency.CurrencyCharacterTrain
[0121 15:29:46 INFO ] [main--org.hibernate.cfg.annotations.EntityBinder:530 ] - Bind entity org.crimenetwork.oracle.entity.currency.CurrencyCharacterTrain on table currency_character_train
[0121 15:29:46 INFO ] [main--org.hibernate.cfg.AnnotationBinder:532 ] - Binding entity from annotated class: org.crimenetwork.oracle.entity.currency.CurrencyType
[0121 15:29:46 INFO ] [main--org.hibernate.cfg.annotations.EntityBinder:530 ] - Bind entity org.crimenetwork.oracle.entity.currency.CurrencyType on table currency_type
[0121 15:29:46 INFO ] [main--org.hibernate.cfg.AnnotationBinder:532 ] - Binding entity from annotated class: org.crimenetwork.oracle.entity.currency.DataFrom
[0121 15:29:46 INFO ] [main--org.hibernate.cfg.annotations.EntityBinder:530 ] - Bind entity org.crimenetwork.oracle.entity.currency.DataFrom on table data_from
[0121 15:29:46 INFO ] [main--org.hibernate.cfg.AnnotationBinder:532 ] - Binding entity from annotated class: org.crimenetwork.oracle.entity.currency.DenominationType
[0121 15:29:46 INFO ] [main--org.hibernate.cfg.annotations.EntityBinder:530 ] - Bind entity org.crimenetwork.oracle.entity.currency.DenominationType on table jiabi_denomination_type
[0121 15:29:46 INFO ] [main--org.hibernate.cfg.AnnotationBinder:532 ] - Binding entity from annotated class: org.crimenetwork.oracle.entity.currency.ForgeType
[0121 15:29:46 INFO ] [main--org.hibernate.cfg.annotations.EntityBinder:530 ] - Bind entity org.crimenetwork.oracle.entity.currency.ForgeType on table forge_type
[0121 15:29:46 INFO ] [main--org.hibernate.cfg.AnnotationBinder:532 ] - Binding entity from annotated class: org.crimenetwork.oracle.entity.currency.JiabiBaseInfo
[0121 15:29:46 INFO ] [main--org.hibernate.cfg.annotations.EntityBinder:530 ] - Bind entity org.crimenetwork.oracle.entity.currency.JiabiBaseInfo on table jiabi_base_info
[0121 15:29:46 INFO ] [main--org.hibernate.cfg.AnnotationBinder:532 ] - Binding entity from annotated class: org.crimenetwork.oracle.entity.currency.JiabiBasePic
[0121 15:29:46 INFO ] [main--org.hibernate.cfg.annotations.EntityBinder:530 ] - Bind entity org.crimenetwork.oracle.entity.currency.JiabiBasePic on table jiabi_base_pic
[0121 15:29:46 INFO ] [main--org.hibernate.cfg.AnnotationBinder:532 ] - Binding entity from annotated class: org.crimenetwork.oracle.entity.currency.JiabiExtendInfo
[0121 15:29:46 INFO ] [main--org.hibernate.cfg.annotations.EntityBinder:530 ] - Bind entity org.crimenetwork.oracle.entity.currency.JiabiExtendInfo on table jiabi_extend_info
[0121 15:29:46 INFO ] [main--org.hibernate.cfg.AnnotationBinder:532 ] - Binding entity from annotated class: org.crimenetwork.oracle.entity.currency.PicType
[0121 15:29:46 INFO ] [main--org.hibernate.cfg.annotations.EntityBinder:530 ] - Bind entity org.crimenetwork.oracle.entity.currency.PicType on table pic_type
[0121 15:29:46 INFO ] [main--org.hibernate.cfg.AnnotationBinder:532 ] - Binding entity from annotated class: org.crimenetwork.oracle.entity.currency.VersionType
[0121 15:29:46 INFO ] [main--org.hibernate.cfg.annotations.EntityBinder:530 ] - Bind entity org.crimenetwork.oracle.entity.currency.VersionType on table jiabi_version_type
[0121 15:29:46 INFO ] [main--org.hibernate.cfg.AnnotationBinder:532 ] - Binding entity from annotated class: org.crimenetwork.oracle.entity.jiabisim.SimDenominationType
[0121 15:29:46 INFO ] [main--org.hibernate.cfg.annotations.EntityBinder:530 ] - Bind entity org.crimenetwork.oracle.entity.jiabisim.SimDenominationType on table jiabi_denomination_type
[0121 15:29:46 INFO ] [main--org.hibernate.cfg.AnnotationBinder:532 ] - Binding entity from annotated class: org.crimenetwork.oracle.entity.jiabisim.SimJiabiBaseInfo
[0121 15:29:46 INFO ] [main--org.hibernate.cfg.annotations.EntityBinder:530 ] - Bind entity org.crimenetwork.oracle.entity.jiabisim.SimJiabiBaseInfo on table jiabi_base_info
[0121 15:29:46 INFO ] [main--org.hibernate.cfg.AnnotationBinder:532 ] - Binding entity from annotated class: org.crimenetwork.oracle.entity.share.ContinentCode
[0121 15:29:46 INFO ] [main--org.hibernate.cfg.annotations.EntityBinder:530 ] - Bind entity org.crimenetwork.oracle.entity.share.ContinentCode on table continent_code
[0121 15:29:46 INFO ] [main--org.hibernate.cfg.AnnotationBinder:532 ] - Binding entity from annotated class: org.crimenetwork.oracle.entity.share.CountryCode
[0121 15:29:46 INFO ] [main--org.hibernate.cfg.annotations.EntityBinder:530 ] - Bind entity org.crimenetwork.oracle.entity.share.CountryCode on table country_code
[0121 15:29:46 INFO ] [main--org.hibernate.cfg.AnnotationBinder:532 ] - Binding entity from annotated class: org.crimenetwork.oracle.entity.share.EduLevel
[0121 15:29:46 INFO ] [main--org.hibernate.cfg.annotations.EntityBinder:530 ] - Bind entity org.crimenetwork.oracle.entity.share.EduLevel on table edu_level
[0121 15:29:46 INFO ] [main--org.hibernate.cfg.AnnotationBinder:532 ] - Binding entity from annotated class: org.crimenetwork.oracle.entity.share.Location
[0121 15:29:46 INFO ] [main--org.hibernate.cfg.annotations.EntityBinder:530 ] - Bind entity org.crimenetwork.oracle.entity.share.Location on table location_code
[0121 15:29:46 INFO ] [main--org.hibernate.cfg.AnnotationBinder:532 ] - Binding entity from annotated class: org.crimenetwork.oracle.entity.share.LocationCode
[0121 15:29:46 INFO ] [main--org.hibernate.cfg.annotations.EntityBinder:530 ] - Bind entity org.crimenetwork.oracle.entity.share.LocationCode on table location_code
[0121 15:29:46 INFO ] [main--org.hibernate.cfg.AnnotationBinder:532 ] - Binding entity from annotated class: org.crimenetwork.oracle.entity.share.ProcessMode
[0121 15:29:46 INFO ] [main--org.hibernate.cfg.annotations.EntityBinder:530 ] - Bind entity org.crimenetwork.oracle.entity.share.ProcessMode on table process_mode
[0121 15:29:46 INFO ] [main--org.hibernate.cfg.AnnotationBinder:532 ] - Binding entity from annotated class: org.crimenetwork.oracle.entity.share.Sif
[0121 15:29:46 INFO ] [main--org.hibernate.cfg.annotations.EntityBinder:530 ] - Bind entity org.crimenetwork.oracle.entity.share.Sif on table SIF
[0121 15:29:46 INFO ] [main--org.hibernate.cfg.AnnotationBinder:532 ] - Binding entity from annotated class: org.crimenetwork.oracle.entity.share.UserInfo
[0121 15:29:46 INFO ] [main--org.hibernate.cfg.annotations.EntityBinder:530 ] - Bind entity org.crimenetwork.oracle.entity.share.UserInfo on table user_info
[0121 15:29:46 INFO ] [main--org.hibernate.cfg.AnnotationBinder:532 ] - Binding entity from annotated class: org.crimenetwork.oracle.entity.suspect.Accent
[0121 15:29:46 INFO ] [main--org.hibernate.cfg.annotations.EntityBinder:530 ] - Bind entity org.crimenetwork.oracle.entity.suspect.Accent on table accent
[0121 15:29:46 INFO ] [main--org.hibernate.cfg.AnnotationBinder:532 ] - Binding entity from annotated class: org.crimenetwork.oracle.entity.suspect.CurrentState
[0121 15:29:46 INFO ] [main--org.hibernate.cfg.annotations.EntityBinder:530 ] - Bind entity org.crimenetwork.oracle.entity.suspect.CurrentState on table current_state
[0121 15:29:46 INFO ] [main--org.hibernate.cfg.AnnotationBinder:532 ] - Binding entity from annotated class: org.crimenetwork.oracle.entity.suspect.Gender
[0121 15:29:46 INFO ] [main--org.hibernate.cfg.annotations.EntityBinder:530 ] - Bind entity org.crimenetwork.oracle.entity.suspect.Gender on table gender
[0121 15:29:46 INFO ] [main--org.hibernate.cfg.AnnotationBinder:532 ] - Binding entity from annotated class: org.crimenetwork.oracle.entity.suspect.Nation
[0121 15:29:46 INFO ] [main--org.hibernate.cfg.annotations.EntityBinder:530 ] - Bind entity org.crimenetwork.oracle.entity.suspect.Nation on table nation
[0121 15:29:46 INFO ] [main--org.hibernate.cfg.AnnotationBinder:532 ] - Binding entity from annotated class: org.crimenetwork.oracle.entity.suspect.Occupation
[0121 15:29:46 INFO ] [main--org.hibernate.cfg.annotations.EntityBinder:530 ] - Bind entity org.crimenetwork.oracle.entity.suspect.Occupation on table occupation
[0121 15:29:46 INFO ] [main--org.hibernate.cfg.AnnotationBinder:532 ] - Binding entity from annotated class: org.crimenetwork.oracle.entity.suspect.SuspectBaseInfo
[0121 15:29:46 INFO ] [main--org.hibernate.cfg.annotations.EntityBinder:530 ] - Bind entity org.crimenetwork.oracle.entity.suspect.SuspectBaseInfo on table suspect_info
[0121 15:29:46 INFO ] [main--org.hibernate.cfg.annotations.CollectionBinder:762 ] - Mapping collection: org.crimenetwork.oracle.entity.currency.CurrencyType.jiabiBaseInfos -> jiabi_base_info
[0121 15:29:46 INFO ] [main--org.hibernate.cfg.annotations.CollectionBinder:762 ] - Mapping collection: org.crimenetwork.oracle.entity.currency.JiabiBaseInfo.jiabiBasePics -> jiabi_base_pic
[0121 15:29:46 INFO ] [main--org.hibernate.cfg.annotations.CollectionBinder:762 ] - Mapping collection: org.crimenetwork.oracle.entity.currency.JiabiBaseInfo.jiabiExtendInfos -> jiabi_extend_info
[0121 15:29:46 INFO ] [main--org.hibernate.cfg.annotations.CollectionBinder:762 ] - Mapping collection: org.crimenetwork.oracle.entity.jiabisim.SimDenominationType.jiabiBaseInfos -> jiabi_base_info
[0121 15:29:46 INFO ] [main--org.hibernate.cfg.annotations.CollectionBinder:762 ] - Mapping collection: org.crimenetwork.oracle.entity.jiabisim.SimJiabiBaseInfo.jiabiBasePics -> jiabi_base_pic
[0121 15:29:46 INFO ] [main--org.hibernate.cfg.annotations.CollectionBinder:762 ] - Mapping collection: org.crimenetwork.oracle.entity.suspect.Nation.suspectInfos -> suspect_info
[0121 15:29:46 INFO ] [main--org.hibernate.cfg.Configuration:1676 ] - Hibernate Validator not found: ignoring
[0121 15:29:46 INFO ] [main--org.hibernate.validator.internal.util.Version:17 ] - HV000001: Hibernate Validator 5.2.2.Final
[0121 15:29:46 INFO ] [main--org.hibernate.cfg.search.HibernateSearchEventListenerRegister:75 ] - Unable to find org.hibernate.search.event.FullTextIndexEventListener on the classpath. Hibernate Search is not enabled.
[0121 15:29:46 INFO ] [main--org.hibernate.connection.ConnectionProviderFactory:173 ] - Initializing connection provider: org.hibernate.ejb.connection.InjectedDataSourceConnectionProvider
[0121 15:29:46 INFO ] [main--org.hibernate.ejb.connection.InjectedDataSourceConnectionProvider:62 ] - Using provided datasource
[0121 15:29:47 INFO ] [main--org.hibernate.dialect.Dialect:136 ] - Using dialect: org.hibernate.dialect.OracleDialect
[0121 15:29:47 WARN ] [main--org.hibernate.dialect.Oracle9Dialect:60 ] - The Oracle9Dialect dialect has been deprecated; use either Oracle9iDialect or Oracle10gDialect instead
[0121 15:29:47 WARN ] [main--org.hibernate.dialect.OracleDialect:48 ] - The OracleDialect dialect has been deprecated; use Oracle8iDialect instead
[0121 15:29:47 INFO ] [main--org.hibernate.cfg.SettingsFactory:126 ] - Database ->
       name : Oracle
    version : Oracle Database 11g Enterprise Edition Release 11.1.0.6.0 - Production
With the Partitioning, OLAP, Data Mining and Real Application Testing options
      major : 11
      minor : 1
[0121 15:29:47 INFO ] [main--org.hibernate.cfg.SettingsFactory:132 ] - Driver ->
       name : Oracle JDBC driver
    version : 11.2.0.1.0
      major : 11
      minor : 2
[0121 15:29:47 INFO ] [main--org.hibernate.transaction.TransactionFactoryFactory:62 ] - Using default transaction strategy (direct JDBC transactions)
[0121 15:29:47 INFO ] [main--org.hibernate.transaction.TransactionManagerLookupFactory:83 ] - No TransactionManagerLookup configured (in JTA environment, use of read-write or transactional second-level cache is not recommended)
[0121 15:29:47 INFO ] [main--org.hibernate.cfg.SettingsFactory:179 ] - Automatic flush during beforeCompletion(): disabled
[0121 15:29:47 INFO ] [main--org.hibernate.cfg.SettingsFactory:183 ] - Automatic session close at end of transaction: disabled
[0121 15:29:47 INFO ] [main--org.hibernate.cfg.SettingsFactory:190 ] - JDBC batch size: 15
[0121 15:29:47 INFO ] [main--org.hibernate.cfg.SettingsFactory:193 ] - JDBC batch updates for versioned data: disabled
[0121 15:29:47 INFO ] [main--org.hibernate.cfg.SettingsFactory:198 ] - Scrollable result sets: enabled
[0121 15:29:47 INFO ] [main--org.hibernate.cfg.SettingsFactory:206 ] - JDBC3 getGeneratedKeys(): disabled
[0121 15:29:47 INFO ] [main--org.hibernate.cfg.SettingsFactory:214 ] - Connection release mode: auto
[0121 15:29:47 INFO ] [main--org.hibernate.cfg.SettingsFactory:241 ] - Default batch fetch size: 1
[0121 15:29:47 INFO ] [main--org.hibernate.cfg.SettingsFactory:245 ] - Generate SQL with comments: disabled
[0121 15:29:47 INFO ] [main--org.hibernate.cfg.SettingsFactory:249 ] - Order SQL updates by primary key: disabled
[0121 15:29:47 INFO ] [main--org.hibernate.cfg.SettingsFactory:253 ] - Order SQL inserts for batching: disabled
[0121 15:29:47 INFO ] [main--org.hibernate.cfg.SettingsFactory:431 ] - Query translator: org.hibernate.hql.ast.ASTQueryTranslatorFactory
[0121 15:29:47 INFO ] [main--org.hibernate.hql.ast.ASTQueryTranslatorFactory:47 ] - Using ASTQueryTranslatorFactory
[0121 15:29:47 INFO ] [main--org.hibernate.cfg.SettingsFactory:261 ] - Query language substitutions: {}
[0121 15:29:47 INFO ] [main--org.hibernate.cfg.SettingsFactory:266 ] - JPA-QL strict compliance: enabled
[0121 15:29:47 INFO ] [main--org.hibernate.cfg.SettingsFactory:271 ] - Second-level cache: enabled
[0121 15:29:47 INFO ] [main--org.hibernate.cfg.SettingsFactory:275 ] - Query cache: disabled
[0121 15:29:47 INFO ] [main--org.hibernate.cfg.SettingsFactory:406 ] - Cache region factory : org.hibernate.cache.impl.NoCachingRegionFactory
[0121 15:29:47 INFO ] [main--org.hibernate.cfg.SettingsFactory:285 ] - Optimize cache for minimal puts: disabled
[0121 15:29:47 INFO ] [main--org.hibernate.cfg.SettingsFactory:294 ] - Structured second-level cache entries: disabled
[0121 15:29:47 INFO ] [main--org.hibernate.cfg.SettingsFactory:323 ] - Statistics: disabled
[0121 15:29:47 INFO ] [main--org.hibernate.cfg.SettingsFactory:327 ] - Deleted entity synthetic identifier rollback: disabled
[0121 15:29:47 INFO ] [main--org.hibernate.cfg.SettingsFactory:343 ] - Default entity-mode: pojo
[0121 15:29:47 INFO ] [main--org.hibernate.cfg.SettingsFactory:347 ] - Named query checking : enabled
[0121 15:29:47 INFO ] [main--org.hibernate.cfg.SettingsFactory:351 ] - Check Nullability in Core (should be disabled when Bean Validation is on): disabled
[0121 15:29:47 INFO ] [main--org.hibernate.impl.SessionFactoryImpl:202 ] - building session factory
[0121 15:29:47 INFO ] [main--org.hibernate.type.BasicTypeRegistry:150 ] - Type registration [blob] overrides previous : org.hibernate.type.BlobType@1b646f4
[0121 15:29:47 INFO ] [main--org.hibernate.type.BasicTypeRegistry:150 ] - Type registration [java.sql.Blob] overrides previous : org.hibernate.type.BlobType@1b646f4
[0121 15:29:47 INFO ] [main--org.hibernate.type.BasicTypeRegistry:150 ] - Type registration [materialized_blob] overrides previous : org.hibernate.type.MaterializedBlobType@505f8
[0121 15:29:47 INFO ] [main--org.hibernate.type.BasicTypeRegistry:150 ] - Type registration [clob] overrides previous : org.hibernate.type.ClobType@1f2c3f4
[0121 15:29:47 INFO ] [main--org.hibernate.type.BasicTypeRegistry:150 ] - Type registration [java.sql.Clob] overrides previous : org.hibernate.type.ClobType@1f2c3f4
[0121 15:29:47 INFO ] [main--org.hibernate.type.BasicTypeRegistry:150 ] - Type registration [materialized_clob] overrides previous : org.hibernate.type.MaterializedClobType@1227d01
[0121 15:29:47 INFO ] [main--org.hibernate.type.BasicTypeRegistry:150 ] - Type registration [characters_clob] overrides previous : org.hibernate.type.PrimitiveCharacterArrayClobType@214c6f
[0121 15:29:47 INFO ] [main--org.hibernate.type.BasicTypeRegistry:150 ] - Type registration [wrapper_characters_clob] overrides previous : org.hibernate.type.CharacterArrayClobType@125ff34
[0121 15:29:47 INFO ] [main--org.hibernate.type.BasicTypeRegistry:150 ] - Type registration [wrapper_materialized_blob] overrides previous : org.hibernate.type.WrappedMaterializedBlobType@1e7e7ac
[0121 15:29:47 INFO ] [main--org.hibernate.impl.SessionFactoryObjectFactory:105 ] - Not binding factory to JNDI, no JNDI name configured
[0121 15:29:48 INFO ] [main--org.springframework.transaction.jta.JtaTransactionManager:490 ] - Using JTA UserTransaction: org.springframework.transaction.jta.UserTransactionAdapter@17647fa
[0121 15:29:48 INFO ] [main--org.springframework.transaction.jta.JtaTransactionManager:501 ] - Using JTA TransactionManager: org.neo4j.rest.graphdb.transaction.NullTransactionManager@6faf76
[0121 15:34:40 INFO ] [main--org.springframework.context.support.ClassPathXmlApplicationContext:578 ] - Refreshing org.springframework.context.support.ClassPathXmlApplicationContext@4173b9: startup date [Thu Jan 21 15:34:40 CST 2016]; root of context hierarchy
[0121 15:34:40 INFO ] [main--org.springframework.beans.factory.xml.XmlBeanDefinitionReader:317 ] - Loading XML bean definitions from class path resource [modeling/applicationContext.xml]
[0121 15:34:41 INFO ] [main--org.springframework.beans.factory.xml.XmlBeanDefinitionReader:317 ] - Loading XML bean definitions from URL [file:/E:/Github/crimenetwork/crimenetwork-oracle/target/classes/database/oracle/datasourse.xml]
[0121 15:34:41 INFO ] [main--org.springframework.beans.factory.xml.XmlBeanDefinitionReader:317 ] - Loading XML bean definitions from URL [file:/E:/Github/crimenetwork/crimenetwork-neo4j/target/classes/database/neo4j/datasourse.xml]
[0121 15:34:42 INFO ] [main--org.springframework.orm.jpa.LocalContainerEntityManagerFactoryBean:339 ] - Building JPA container EntityManagerFactory for persistence unit 'default'
[0121 15:34:42 INFO ] [main--org.hibernate.annotations.common.Version:37 ] - Hibernate Commons Annotations 3.2.0.Final
[0121 15:34:42 INFO ] [main--org.hibernate.cfg.Environment:603 ] - Hibernate 3.6.10.Final
[0121 15:34:42 INFO ] [main--org.hibernate.cfg.Environment:636 ] - hibernate.properties not found
[0121 15:34:42 INFO ] [main--org.hibernate.cfg.Environment:814 ] - Bytecode provider name : javassist
[0121 15:34:42 INFO ] [main--org.hibernate.cfg.Environment:695 ] - using JDK 1.4 java.sql.Timestamp handling
[0121 15:34:42 INFO ] [main--org.hibernate.ejb.Version:42 ] - Hibernate EntityManager 3.6.10.Final
[0121 15:34:42 INFO ] [main--org.hibernate.cfg.AnnotationBinder:532 ] - Binding entity from annotated class: org.crimenetwork.oracle.entity.cases.CaseBaseInfo
[0121 15:34:42 INFO ] [main--org.hibernate.cfg.annotations.EntityBinder:530 ] - Bind entity org.crimenetwork.oracle.entity.cases.CaseBaseInfo on table case_info
[0121 15:34:42 INFO ] [main--org.hibernate.cfg.AnnotationBinder:532 ] - Binding entity from annotated class: org.crimenetwork.oracle.entity.currency.CategoryType
[0121 15:34:42 INFO ] [main--org.hibernate.cfg.annotations.EntityBinder:530 ] - Bind entity org.crimenetwork.oracle.entity.currency.CategoryType on table jiabi_category_type
[0121 15:34:42 INFO ] [main--org.hibernate.cfg.AnnotationBinder:532 ] - Binding entity from annotated class: org.crimenetwork.oracle.entity.currency.ClassificationNumber
[0121 15:34:42 INFO ] [main--org.hibernate.cfg.annotations.EntityBinder:530 ] - Bind entity org.crimenetwork.oracle.entity.currency.ClassificationNumber on table Jiabi_identify
[0121 15:34:42 INFO ] [main--org.hibernate.cfg.AnnotationBinder:532 ] - Binding entity from annotated class: org.crimenetwork.oracle.entity.currency.CurrencyCharacterTrain
[0121 15:34:42 INFO ] [main--org.hibernate.cfg.annotations.EntityBinder:530 ] - Bind entity org.crimenetwork.oracle.entity.currency.CurrencyCharacterTrain on table currency_character_train
[0121 15:34:42 INFO ] [main--org.hibernate.cfg.AnnotationBinder:532 ] - Binding entity from annotated class: org.crimenetwork.oracle.entity.currency.CurrencyType
[0121 15:34:42 INFO ] [main--org.hibernate.cfg.annotations.EntityBinder:530 ] - Bind entity org.crimenetwork.oracle.entity.currency.CurrencyType on table currency_type
[0121 15:34:42 INFO ] [main--org.hibernate.cfg.AnnotationBinder:532 ] - Binding entity from annotated class: org.crimenetwork.oracle.entity.currency.DataFrom
[0121 15:34:42 INFO ] [main--org.hibernate.cfg.annotations.EntityBinder:530 ] - Bind entity org.crimenetwork.oracle.entity.currency.DataFrom on table data_from
[0121 15:34:42 INFO ] [main--org.hibernate.cfg.AnnotationBinder:532 ] - Binding entity from annotated class: org.crimenetwork.oracle.entity.currency.DenominationType
[0121 15:34:42 INFO ] [main--org.hibernate.cfg.annotations.EntityBinder:530 ] - Bind entity org.crimenetwork.oracle.entity.currency.DenominationType on table jiabi_denomination_type
[0121 15:34:42 INFO ] [main--org.hibernate.cfg.AnnotationBinder:532 ] - Binding entity from annotated class: org.crimenetwork.oracle.entity.currency.ForgeType
[0121 15:34:42 INFO ] [main--org.hibernate.cfg.annotations.EntityBinder:530 ] - Bind entity org.crimenetwork.oracle.entity.currency.ForgeType on table forge_type
[0121 15:34:42 INFO ] [main--org.hibernate.cfg.AnnotationBinder:532 ] - Binding entity from annotated class: org.crimenetwork.oracle.entity.currency.JiabiBaseInfo
[0121 15:34:42 INFO ] [main--org.hibernate.cfg.annotations.EntityBinder:530 ] - Bind entity org.crimenetwork.oracle.entity.currency.JiabiBaseInfo on table jiabi_base_info
[0121 15:34:42 INFO ] [main--org.hibernate.cfg.AnnotationBinder:532 ] - Binding entity from annotated class: org.crimenetwork.oracle.entity.currency.JiabiBasePic
[0121 15:34:42 INFO ] [main--org.hibernate.cfg.annotations.EntityBinder:530 ] - Bind entity org.crimenetwork.oracle.entity.currency.JiabiBasePic on table jiabi_base_pic
[0121 15:34:42 INFO ] [main--org.hibernate.cfg.AnnotationBinder:532 ] - Binding entity from annotated class: org.crimenetwork.oracle.entity.currency.JiabiExtendInfo
[0121 15:34:42 INFO ] [main--org.hibernate.cfg.annotations.EntityBinder:530 ] - Bind entity org.crimenetwork.oracle.entity.currency.JiabiExtendInfo on table jiabi_extend_info
[0121 15:34:42 INFO ] [main--org.hibernate.cfg.AnnotationBinder:532 ] - Binding entity from annotated class: org.crimenetwork.oracle.entity.currency.PicType
[0121 15:34:42 INFO ] [main--org.hibernate.cfg.annotations.EntityBinder:530 ] - Bind entity org.crimenetwork.oracle.entity.currency.PicType on table pic_type
[0121 15:34:42 INFO ] [main--org.hibernate.cfg.AnnotationBinder:532 ] - Binding entity from annotated class: org.crimenetwork.oracle.entity.currency.VersionType
[0121 15:34:42 INFO ] [main--org.hibernate.cfg.annotations.EntityBinder:530 ] - Bind entity org.crimenetwork.oracle.entity.currency.VersionType on table jiabi_version_type
[0121 15:34:42 INFO ] [main--org.hibernate.cfg.AnnotationBinder:532 ] - Binding entity from annotated class: org.crimenetwork.oracle.entity.jiabisim.SimDenominationType
[0121 15:34:42 INFO ] [main--org.hibernate.cfg.annotations.EntityBinder:530 ] - Bind entity org.crimenetwork.oracle.entity.jiabisim.SimDenominationType on table jiabi_denomination_type
[0121 15:34:42 INFO ] [main--org.hibernate.cfg.AnnotationBinder:532 ] - Binding entity from annotated class: org.crimenetwork.oracle.entity.jiabisim.SimJiabiBaseInfo
[0121 15:34:42 INFO ] [main--org.hibernate.cfg.annotations.EntityBinder:530 ] - Bind entity org.crimenetwork.oracle.entity.jiabisim.SimJiabiBaseInfo on table jiabi_base_info
[0121 15:34:42 INFO ] [main--org.hibernate.cfg.AnnotationBinder:532 ] - Binding entity from annotated class: org.crimenetwork.oracle.entity.share.ContinentCode
[0121 15:34:42 INFO ] [main--org.hibernate.cfg.annotations.EntityBinder:530 ] - Bind entity org.crimenetwork.oracle.entity.share.ContinentCode on table continent_code
[0121 15:34:42 INFO ] [main--org.hibernate.cfg.AnnotationBinder:532 ] - Binding entity from annotated class: org.crimenetwork.oracle.entity.share.CountryCode
[0121 15:34:42 INFO ] [main--org.hibernate.cfg.annotations.EntityBinder:530 ] - Bind entity org.crimenetwork.oracle.entity.share.CountryCode on table country_code
[0121 15:34:42 INFO ] [main--org.hibernate.cfg.AnnotationBinder:532 ] - Binding entity from annotated class: org.crimenetwork.oracle.entity.share.EduLevel
[0121 15:34:42 INFO ] [main--org.hibernate.cfg.annotations.EntityBinder:530 ] - Bind entity org.crimenetwork.oracle.entity.share.EduLevel on table edu_level
[0121 15:34:42 INFO ] [main--org.hibernate.cfg.AnnotationBinder:532 ] - Binding entity from annotated class: org.crimenetwork.oracle.entity.share.Location
[0121 15:34:42 INFO ] [main--org.hibernate.cfg.annotations.EntityBinder:530 ] - Bind entity org.crimenetwork.oracle.entity.share.Location on table location_code
[0121 15:34:42 INFO ] [main--org.hibernate.cfg.AnnotationBinder:532 ] - Binding entity from annotated class: org.crimenetwork.oracle.entity.share.LocationCode
[0121 15:34:42 INFO ] [main--org.hibernate.cfg.annotations.EntityBinder:530 ] - Bind entity org.crimenetwork.oracle.entity.share.LocationCode on table location_code
[0121 15:34:42 INFO ] [main--org.hibernate.cfg.AnnotationBinder:532 ] - Binding entity from annotated class: org.crimenetwork.oracle.entity.share.ProcessMode
[0121 15:34:42 INFO ] [main--org.hibernate.cfg.annotations.EntityBinder:530 ] - Bind entity org.crimenetwork.oracle.entity.share.ProcessMode on table process_mode
[0121 15:34:42 INFO ] [main--org.hibernate.cfg.AnnotationBinder:532 ] - Binding entity from annotated class: org.crimenetwork.oracle.entity.share.Sif
[0121 15:34:42 INFO ] [main--org.hibernate.cfg.annotations.EntityBinder:530 ] - Bind entity org.crimenetwork.oracle.entity.share.Sif on table SIF
[0121 15:34:42 INFO ] [main--org.hibernate.cfg.AnnotationBinder:532 ] - Binding entity from annotated class: org.crimenetwork.oracle.entity.share.UserInfo
[0121 15:34:42 INFO ] [main--org.hibernate.cfg.annotations.EntityBinder:530 ] - Bind entity org.crimenetwork.oracle.entity.share.UserInfo on table user_info
[0121 15:34:42 INFO ] [main--org.hibernate.cfg.AnnotationBinder:532 ] - Binding entity from annotated class: org.crimenetwork.oracle.entity.suspect.Accent
[0121 15:34:42 INFO ] [main--org.hibernate.cfg.annotations.EntityBinder:530 ] - Bind entity org.crimenetwork.oracle.entity.suspect.Accent on table accent
[0121 15:34:42 INFO ] [main--org.hibernate.cfg.AnnotationBinder:532 ] - Binding entity from annotated class: org.crimenetwork.oracle.entity.suspect.CurrentState
[0121 15:34:42 INFO ] [main--org.hibernate.cfg.annotations.EntityBinder:530 ] - Bind entity org.crimenetwork.oracle.entity.suspect.CurrentState on table current_state
[0121 15:34:42 INFO ] [main--org.hibernate.cfg.AnnotationBinder:532 ] - Binding entity from annotated class: org.crimenetwork.oracle.entity.suspect.Gender
[0121 15:34:42 INFO ] [main--org.hibernate.cfg.annotations.EntityBinder:530 ] - Bind entity org.crimenetwork.oracle.entity.suspect.Gender on table gender
[0121 15:34:42 INFO ] [main--org.hibernate.cfg.AnnotationBinder:532 ] - Binding entity from annotated class: org.crimenetwork.oracle.entity.suspect.Nation
[0121 15:34:42 INFO ] [main--org.hibernate.cfg.annotations.EntityBinder:530 ] - Bind entity org.crimenetwork.oracle.entity.suspect.Nation on table nation
[0121 15:34:42 INFO ] [main--org.hibernate.cfg.AnnotationBinder:532 ] - Binding entity from annotated class: org.crimenetwork.oracle.entity.suspect.Occupation
[0121 15:34:42 INFO ] [main--org.hibernate.cfg.annotations.EntityBinder:530 ] - Bind entity org.crimenetwork.oracle.entity.suspect.Occupation on table occupation
[0121 15:34:42 INFO ] [main--org.hibernate.cfg.AnnotationBinder:532 ] - Binding entity from annotated class: org.crimenetwork.oracle.entity.suspect.SuspectBaseInfo
[0121 15:34:42 INFO ] [main--org.hibernate.cfg.annotations.EntityBinder:530 ] - Bind entity org.crimenetwork.oracle.entity.suspect.SuspectBaseInfo on table suspect_info
[0121 15:34:42 INFO ] [main--org.hibernate.cfg.annotations.CollectionBinder:762 ] - Mapping collection: org.crimenetwork.oracle.entity.currency.CurrencyType.jiabiBaseInfos -> jiabi_base_info
[0121 15:34:42 INFO ] [main--org.hibernate.cfg.annotations.CollectionBinder:762 ] - Mapping collection: org.crimenetwork.oracle.entity.currency.JiabiBaseInfo.jiabiBasePics -> jiabi_base_pic
[0121 15:34:42 INFO ] [main--org.hibernate.cfg.annotations.CollectionBinder:762 ] - Mapping collection: org.crimenetwork.oracle.entity.currency.JiabiBaseInfo.jiabiExtendInfos -> jiabi_extend_info
[0121 15:34:42 INFO ] [main--org.hibernate.cfg.annotations.CollectionBinder:762 ] - Mapping collection: org.crimenetwork.oracle.entity.jiabisim.SimDenominationType.jiabiBaseInfos -> jiabi_base_info
[0121 15:34:42 INFO ] [main--org.hibernate.cfg.annotations.CollectionBinder:762 ] - Mapping collection: org.crimenetwork.oracle.entity.jiabisim.SimJiabiBaseInfo.jiabiBasePics -> jiabi_base_pic
[0121 15:34:42 INFO ] [main--org.hibernate.cfg.annotations.CollectionBinder:762 ] - Mapping collection: org.crimenetwork.oracle.entity.suspect.Nation.suspectInfos -> suspect_info
[0121 15:34:42 INFO ] [main--org.hibernate.cfg.Configuration:1676 ] - Hibernate Validator not found: ignoring
[0121 15:34:42 INFO ] [main--org.hibernate.validator.internal.util.Version:17 ] - HV000001: Hibernate Validator 5.2.2.Final
[0121 15:34:42 INFO ] [main--org.hibernate.cfg.search.HibernateSearchEventListenerRegister:75 ] - Unable to find org.hibernate.search.event.FullTextIndexEventListener on the classpath. Hibernate Search is not enabled.
[0121 15:34:42 INFO ] [main--org.hibernate.connection.ConnectionProviderFactory:173 ] - Initializing connection provider: org.hibernate.ejb.connection.InjectedDataSourceConnectionProvider
[0121 15:34:42 INFO ] [main--org.hibernate.ejb.connection.InjectedDataSourceConnectionProvider:62 ] - Using provided datasource
[0121 15:34:43 INFO ] [main--org.hibernate.dialect.Dialect:136 ] - Using dialect: org.hibernate.dialect.OracleDialect
[0121 15:34:43 WARN ] [main--org.hibernate.dialect.Oracle9Dialect:60 ] - The Oracle9Dialect dialect has been deprecated; use either Oracle9iDialect or Oracle10gDialect instead
[0121 15:34:43 WARN ] [main--org.hibernate.dialect.OracleDialect:48 ] - The OracleDialect dialect has been deprecated; use Oracle8iDialect instead
[0121 15:34:43 INFO ] [main--org.hibernate.cfg.SettingsFactory:126 ] - Database ->
       name : Oracle
    version : Oracle Database 11g Enterprise Edition Release 11.1.0.6.0 - Production
With the Partitioning, OLAP, Data Mining and Real Application Testing options
      major : 11
      minor : 1
[0121 15:34:43 INFO ] [main--org.hibernate.cfg.SettingsFactory:132 ] - Driver ->
       name : Oracle JDBC driver
    version : 11.2.0.1.0
      major : 11
      minor : 2
[0121 15:34:43 INFO ] [main--org.hibernate.transaction.TransactionFactoryFactory:62 ] - Using default transaction strategy (direct JDBC transactions)
[0121 15:34:43 INFO ] [main--org.hibernate.transaction.TransactionManagerLookupFactory:83 ] - No TransactionManagerLookup configured (in JTA environment, use of read-write or transactional second-level cache is not recommended)
[0121 15:34:43 INFO ] [main--org.hibernate.cfg.SettingsFactory:179 ] - Automatic flush during beforeCompletion(): disabled
[0121 15:34:43 INFO ] [main--org.hibernate.cfg.SettingsFactory:183 ] - Automatic session close at end of transaction: disabled
[0121 15:34:43 INFO ] [main--org.hibernate.cfg.SettingsFactory:190 ] - JDBC batch size: 15
[0121 15:34:43 INFO ] [main--org.hibernate.cfg.SettingsFactory:193 ] - JDBC batch updates for versioned data: disabled
[0121 15:34:43 INFO ] [main--org.hibernate.cfg.SettingsFactory:198 ] - Scrollable result sets: enabled
[0121 15:34:43 INFO ] [main--org.hibernate.cfg.SettingsFactory:206 ] - JDBC3 getGeneratedKeys(): disabled
[0121 15:34:43 INFO ] [main--org.hibernate.cfg.SettingsFactory:214 ] - Connection release mode: auto
[0121 15:34:43 INFO ] [main--org.hibernate.cfg.SettingsFactory:241 ] - Default batch fetch size: 1
[0121 15:34:43 INFO ] [main--org.hibernate.cfg.SettingsFactory:245 ] - Generate SQL with comments: disabled
[0121 15:34:43 INFO ] [main--org.hibernate.cfg.SettingsFactory:249 ] - Order SQL updates by primary key: disabled
[0121 15:34:43 INFO ] [main--org.hibernate.cfg.SettingsFactory:253 ] - Order SQL inserts for batching: disabled
[0121 15:34:43 INFO ] [main--org.hibernate.cfg.SettingsFactory:431 ] - Query translator: org.hibernate.hql.ast.ASTQueryTranslatorFactory
[0121 15:34:43 INFO ] [main--org.hibernate.hql.ast.ASTQueryTranslatorFactory:47 ] - Using ASTQueryTranslatorFactory
[0121 15:34:43 INFO ] [main--org.hibernate.cfg.SettingsFactory:261 ] - Query language substitutions: {}
[0121 15:34:43 INFO ] [main--org.hibernate.cfg.SettingsFactory:266 ] - JPA-QL strict compliance: enabled
[0121 15:34:43 INFO ] [main--org.hibernate.cfg.SettingsFactory:271 ] - Second-level cache: enabled
[0121 15:34:43 INFO ] [main--org.hibernate.cfg.SettingsFactory:275 ] - Query cache: disabled
[0121 15:34:43 INFO ] [main--org.hibernate.cfg.SettingsFactory:406 ] - Cache region factory : org.hibernate.cache.impl.NoCachingRegionFactory
[0121 15:34:43 INFO ] [main--org.hibernate.cfg.SettingsFactory:285 ] - Optimize cache for minimal puts: disabled
[0121 15:34:43 INFO ] [main--org.hibernate.cfg.SettingsFactory:294 ] - Structured second-level cache entries: disabled
[0121 15:34:43 INFO ] [main--org.hibernate.cfg.SettingsFactory:323 ] - Statistics: disabled
[0121 15:34:43 INFO ] [main--org.hibernate.cfg.SettingsFactory:327 ] - Deleted entity synthetic identifier rollback: disabled
[0121 15:34:43 INFO ] [main--org.hibernate.cfg.SettingsFactory:343 ] - Default entity-mode: pojo
[0121 15:34:43 INFO ] [main--org.hibernate.cfg.SettingsFactory:347 ] - Named query checking : enabled
[0121 15:34:43 INFO ] [main--org.hibernate.cfg.SettingsFactory:351 ] - Check Nullability in Core (should be disabled when Bean Validation is on): disabled
[0121 15:34:43 INFO ] [main--org.hibernate.impl.SessionFactoryImpl:202 ] - building session factory
[0121 15:34:43 INFO ] [main--org.hibernate.type.BasicTypeRegistry:150 ] - Type registration [blob] overrides previous : org.hibernate.type.BlobType@104562f
[0121 15:34:43 INFO ] [main--org.hibernate.type.BasicTypeRegistry:150 ] - Type registration [java.sql.Blob] overrides previous : org.hibernate.type.BlobType@104562f
[0121 15:34:43 INFO ] [main--org.hibernate.type.BasicTypeRegistry:150 ] - Type registration [materialized_blob] overrides previous : org.hibernate.type.MaterializedBlobType@cc420f
[0121 15:34:43 INFO ] [main--org.hibernate.type.BasicTypeRegistry:150 ] - Type registration [clob] overrides previous : org.hibernate.type.ClobType@8aca78
[0121 15:34:43 INFO ] [main--org.hibernate.type.BasicTypeRegistry:150 ] - Type registration [java.sql.Clob] overrides previous : org.hibernate.type.ClobType@8aca78
[0121 15:34:43 INFO ] [main--org.hibernate.type.BasicTypeRegistry:150 ] - Type registration [materialized_clob] overrides previous : org.hibernate.type.MaterializedClobType@1da93e0
[0121 15:34:43 INFO ] [main--org.hibernate.type.BasicTypeRegistry:150 ] - Type registration [characters_clob] overrides previous : org.hibernate.type.PrimitiveCharacterArrayClobType@e2f47d
[0121 15:34:43 INFO ] [main--org.hibernate.type.BasicTypeRegistry:150 ] - Type registration [wrapper_characters_clob] overrides previous : org.hibernate.type.CharacterArrayClobType@1949a6b
[0121 15:34:43 INFO ] [main--org.hibernate.type.BasicTypeRegistry:150 ] - Type registration [wrapper_materialized_blob] overrides previous : org.hibernate.type.WrappedMaterializedBlobType@11fc987
[0121 15:34:44 INFO ] [main--org.hibernate.impl.SessionFactoryObjectFactory:105 ] - Not binding factory to JNDI, no JNDI name configured
[0121 15:34:44 INFO ] [main--org.springframework.transaction.jta.JtaTransactionManager:490 ] - Using JTA UserTransaction: org.springframework.transaction.jta.UserTransactionAdapter@186d8c3
[0121 15:34:44 INFO ] [main--org.springframework.transaction.jta.JtaTransactionManager:501 ] - Using JTA TransactionManager: org.neo4j.rest.graphdb.transaction.NullTransactionManager@105a9
[0121 15:35:13 INFO ] [main--org.springframework.context.support.ClassPathXmlApplicationContext:578 ] - Refreshing org.springframework.context.support.ClassPathXmlApplicationContext@114a707: startup date [Thu Jan 21 15:35:13 CST 2016]; root of context hierarchy
[0121 15:35:13 INFO ] [main--org.springframework.beans.factory.xml.XmlBeanDefinitionReader:317 ] - Loading XML bean definitions from class path resource [modeling/applicationContext.xml]
[0121 15:35:13 INFO ] [main--org.springframework.beans.factory.xml.XmlBeanDefinitionReader:317 ] - Loading XML bean definitions from URL [file:/E:/Github/crimenetwork/crimenetwork-oracle/target/classes/database/oracle/datasourse.xml]
[0121 15:35:13 INFO ] [main--org.springframework.beans.factory.xml.XmlBeanDefinitionReader:317 ] - Loading XML bean definitions from URL [file:/E:/Github/crimenetwork/crimenetwork-neo4j/target/classes/database/neo4j/datasourse.xml]
[0121 15:35:14 INFO ] [main--org.springframework.orm.jpa.LocalContainerEntityManagerFactoryBean:339 ] - Building JPA container EntityManagerFactory for persistence unit 'default'
[0121 15:35:14 INFO ] [main--org.hibernate.annotations.common.Version:37 ] - Hibernate Commons Annotations 3.2.0.Final
[0121 15:35:14 INFO ] [main--org.hibernate.cfg.Environment:603 ] - Hibernate 3.6.10.Final
[0121 15:35:14 INFO ] [main--org.hibernate.cfg.Environment:636 ] - hibernate.properties not found
[0121 15:35:14 INFO ] [main--org.hibernate.cfg.Environment:814 ] - Bytecode provider name : javassist
[0121 15:35:14 INFO ] [main--org.hibernate.cfg.Environment:695 ] - using JDK 1.4 java.sql.Timestamp handling
[0121 15:35:14 INFO ] [main--org.hibernate.ejb.Version:42 ] - Hibernate EntityManager 3.6.10.Final
[0121 15:35:14 INFO ] [main--org.hibernate.cfg.AnnotationBinder:532 ] - Binding entity from annotated class: org.crimenetwork.oracle.entity.cases.CaseBaseInfo
[0121 15:35:14 INFO ] [main--org.hibernate.cfg.annotations.EntityBinder:530 ] - Bind entity org.crimenetwork.oracle.entity.cases.CaseBaseInfo on table case_info
[0121 15:35:14 INFO ] [main--org.hibernate.cfg.AnnotationBinder:532 ] - Binding entity from annotated class: org.crimenetwork.oracle.entity.currency.CategoryType
[0121 15:35:14 INFO ] [main--org.hibernate.cfg.annotations.EntityBinder:530 ] - Bind entity org.crimenetwork.oracle.entity.currency.CategoryType on table jiabi_category_type
[0121 15:35:14 INFO ] [main--org.hibernate.cfg.AnnotationBinder:532 ] - Binding entity from annotated class: org.crimenetwork.oracle.entity.currency.ClassificationNumber
[0121 15:35:14 INFO ] [main--org.hibernate.cfg.annotations.EntityBinder:530 ] - Bind entity org.crimenetwork.oracle.entity.currency.ClassificationNumber on table Jiabi_identify
[0121 15:35:14 INFO ] [main--org.hibernate.cfg.AnnotationBinder:532 ] - Binding entity from annotated class: org.crimenetwork.oracle.entity.currency.CurrencyCharacterTrain
[0121 15:35:14 INFO ] [main--org.hibernate.cfg.annotations.EntityBinder:530 ] - Bind entity org.crimenetwork.oracle.entity.currency.CurrencyCharacterTrain on table currency_character_train
[0121 15:35:14 INFO ] [main--org.hibernate.cfg.AnnotationBinder:532 ] - Binding entity from annotated class: org.crimenetwork.oracle.entity.currency.CurrencyType
[0121 15:35:14 INFO ] [main--org.hibernate.cfg.annotations.EntityBinder:530 ] - Bind entity org.crimenetwork.oracle.entity.currency.CurrencyType on table currency_type
[0121 15:35:14 INFO ] [main--org.hibernate.cfg.AnnotationBinder:532 ] - Binding entity from annotated class: org.crimenetwork.oracle.entity.currency.DataFrom
[0121 15:35:14 INFO ] [main--org.hibernate.cfg.annotations.EntityBinder:530 ] - Bind entity org.crimenetwork.oracle.entity.currency.DataFrom on table data_from
[0121 15:35:14 INFO ] [main--org.hibernate.cfg.AnnotationBinder:532 ] - Binding entity from annotated class: org.crimenetwork.oracle.entity.currency.DenominationType
[0121 15:35:14 INFO ] [main--org.hibernate.cfg.annotations.EntityBinder:530 ] - Bind entity org.crimenetwork.oracle.entity.currency.DenominationType on table jiabi_denomination_type
[0121 15:35:14 INFO ] [main--org.hibernate.cfg.AnnotationBinder:532 ] - Binding entity from annotated class: org.crimenetwork.oracle.entity.currency.ForgeType
[0121 15:35:14 INFO ] [main--org.hibernate.cfg.annotations.EntityBinder:530 ] - Bind entity org.crimenetwork.oracle.entity.currency.ForgeType on table forge_type
[0121 15:35:14 INFO ] [main--org.hibernate.cfg.AnnotationBinder:532 ] - Binding entity from annotated class: org.crimenetwork.oracle.entity.currency.JiabiBaseInfo
[0121 15:35:14 INFO ] [main--org.hibernate.cfg.annotations.EntityBinder:530 ] - Bind entity org.crimenetwork.oracle.entity.currency.JiabiBaseInfo on table jiabi_base_info
[0121 15:35:14 INFO ] [main--org.hibernate.cfg.AnnotationBinder:532 ] - Binding entity from annotated class: org.crimenetwork.oracle.entity.currency.JiabiBasePic
[0121 15:35:14 INFO ] [main--org.hibernate.cfg.annotations.EntityBinder:530 ] - Bind entity org.crimenetwork.oracle.entity.currency.JiabiBasePic on table jiabi_base_pic
[0121 15:35:14 INFO ] [main--org.hibernate.cfg.AnnotationBinder:532 ] - Binding entity from annotated class: org.crimenetwork.oracle.entity.currency.JiabiExtendInfo
[0121 15:35:14 INFO ] [main--org.hibernate.cfg.annotations.EntityBinder:530 ] - Bind entity org.crimenetwork.oracle.entity.currency.JiabiExtendInfo on table jiabi_extend_info
[0121 15:35:14 INFO ] [main--org.hibernate.cfg.AnnotationBinder:532 ] - Binding entity from annotated class: org.crimenetwork.oracle.entity.currency.PicType
[0121 15:35:14 INFO ] [main--org.hibernate.cfg.annotations.EntityBinder:530 ] - Bind entity org.crimenetwork.oracle.entity.currency.PicType on table pic_type
[0121 15:35:14 INFO ] [main--org.hibernate.cfg.AnnotationBinder:532 ] - Binding entity from annotated class: org.crimenetwork.oracle.entity.currency.VersionType
[0121 15:35:14 INFO ] [main--org.hibernate.cfg.annotations.EntityBinder:530 ] - Bind entity org.crimenetwork.oracle.entity.currency.VersionType on table jiabi_version_type
[0121 15:35:14 INFO ] [main--org.hibernate.cfg.AnnotationBinder:532 ] - Binding entity from annotated class: org.crimenetwork.oracle.entity.jiabisim.SimDenominationType
[0121 15:35:14 INFO ] [main--org.hibernate.cfg.annotations.EntityBinder:530 ] - Bind entity org.crimenetwork.oracle.entity.jiabisim.SimDenominationType on table jiabi_denomination_type
[0121 15:35:14 INFO ] [main--org.hibernate.cfg.AnnotationBinder:532 ] - Binding entity from annotated class: org.crimenetwork.oracle.entity.jiabisim.SimJiabiBaseInfo
[0121 15:35:14 INFO ] [main--org.hibernate.cfg.annotations.EntityBinder:530 ] - Bind entity org.crimenetwork.oracle.entity.jiabisim.SimJiabiBaseInfo on table jiabi_base_info
[0121 15:35:14 INFO ] [main--org.hibernate.cfg.AnnotationBinder:532 ] - Binding entity from annotated class: org.crimenetwork.oracle.entity.share.ContinentCode
[0121 15:35:14 INFO ] [main--org.hibernate.cfg.annotations.EntityBinder:530 ] - Bind entity org.crimenetwork.oracle.entity.share.ContinentCode on table continent_code
[0121 15:35:14 INFO ] [main--org.hibernate.cfg.AnnotationBinder:532 ] - Binding entity from annotated class: org.crimenetwork.oracle.entity.share.CountryCode
[0121 15:35:14 INFO ] [main--org.hibernate.cfg.annotations.EntityBinder:530 ] - Bind entity org.crimenetwork.oracle.entity.share.CountryCode on table country_code
[0121 15:35:14 INFO ] [main--org.hibernate.cfg.AnnotationBinder:532 ] - Binding entity from annotated class: org.crimenetwork.oracle.entity.share.EduLevel
[0121 15:35:14 INFO ] [main--org.hibernate.cfg.annotations.EntityBinder:530 ] - Bind entity org.crimenetwork.oracle.entity.share.EduLevel on table edu_level
[0121 15:35:14 INFO ] [main--org.hibernate.cfg.AnnotationBinder:532 ] - Binding entity from annotated class: org.crimenetwork.oracle.entity.share.Location
[0121 15:35:14 INFO ] [main--org.hibernate.cfg.annotations.EntityBinder:530 ] - Bind entity org.crimenetwork.oracle.entity.share.Location on table location_code
[0121 15:35:14 INFO ] [main--org.hibernate.cfg.AnnotationBinder:532 ] - Binding entity from annotated class: org.crimenetwork.oracle.entity.share.LocationCode
[0121 15:35:14 INFO ] [main--org.hibernate.cfg.annotations.EntityBinder:530 ] - Bind entity org.crimenetwork.oracle.entity.share.LocationCode on table location_code
[0121 15:35:14 INFO ] [main--org.hibernate.cfg.AnnotationBinder:532 ] - Binding entity from annotated class: org.crimenetwork.oracle.entity.share.ProcessMode
[0121 15:35:14 INFO ] [main--org.hibernate.cfg.annotations.EntityBinder:530 ] - Bind entity org.crimenetwork.oracle.entity.share.ProcessMode on table process_mode
[0121 15:35:14 INFO ] [main--org.hibernate.cfg.AnnotationBinder:532 ] - Binding entity from annotated class: org.crimenetwork.oracle.entity.share.Sif
[0121 15:35:14 INFO ] [main--org.hibernate.cfg.annotations.EntityBinder:530 ] - Bind entity org.crimenetwork.oracle.entity.share.Sif on table SIF
[0121 15:35:14 INFO ] [main--org.hibernate.cfg.AnnotationBinder:532 ] - Binding entity from annotated class: org.crimenetwork.oracle.entity.share.UserInfo
[0121 15:35:14 INFO ] [main--org.hibernate.cfg.annotations.EntityBinder:530 ] - Bind entity org.crimenetwork.oracle.entity.share.UserInfo on table user_info
[0121 15:35:14 INFO ] [main--org.hibernate.cfg.AnnotationBinder:532 ] - Binding entity from annotated class: org.crimenetwork.oracle.entity.suspect.Accent
[0121 15:35:14 INFO ] [main--org.hibernate.cfg.annotations.EntityBinder:530 ] - Bind entity org.crimenetwork.oracle.entity.suspect.Accent on table accent
[0121 15:35:14 INFO ] [main--org.hibernate.cfg.AnnotationBinder:532 ] - Binding entity from annotated class: org.crimenetwork.oracle.entity.suspect.CurrentState
[0121 15:35:14 INFO ] [main--org.hibernate.cfg.annotations.EntityBinder:530 ] - Bind entity org.crimenetwork.oracle.entity.suspect.CurrentState on table current_state
[0121 15:35:14 INFO ] [main--org.hibernate.cfg.AnnotationBinder:532 ] - Binding entity from annotated class: org.crimenetwork.oracle.entity.suspect.Gender
[0121 15:35:14 INFO ] [main--org.hibernate.cfg.annotations.EntityBinder:530 ] - Bind entity org.crimenetwork.oracle.entity.suspect.Gender on table gender
[0121 15:35:14 INFO ] [main--org.hibernate.cfg.AnnotationBinder:532 ] - Binding entity from annotated class: org.crimenetwork.oracle.entity.suspect.Nation
[0121 15:35:14 INFO ] [main--org.hibernate.cfg.annotations.EntityBinder:530 ] - Bind entity org.crimenetwork.oracle.entity.suspect.Nation on table nation
[0121 15:35:14 INFO ] [main--org.hibernate.cfg.AnnotationBinder:532 ] - Binding entity from annotated class: org.crimenetwork.oracle.entity.suspect.Occupation
[0121 15:35:14 INFO ] [main--org.hibernate.cfg.annotations.EntityBinder:530 ] - Bind entity org.crimenetwork.oracle.entity.suspect.Occupation on table occupation
[0121 15:35:14 INFO ] [main--org.hibernate.cfg.AnnotationBinder:532 ] - Binding entity from annotated class: org.crimenetwork.oracle.entity.suspect.SuspectBaseInfo
[0121 15:35:14 INFO ] [main--org.hibernate.cfg.annotations.EntityBinder:530 ] - Bind entity org.crimenetwork.oracle.entity.suspect.SuspectBaseInfo on table suspect_info
[0121 15:35:14 INFO ] [main--org.hibernate.cfg.annotations.CollectionBinder:762 ] - Mapping collection: org.crimenetwork.oracle.entity.currency.CurrencyType.jiabiBaseInfos -> jiabi_base_info
[0121 15:35:14 INFO ] [main--org.hibernate.cfg.annotations.CollectionBinder:762 ] - Mapping collection: org.crimenetwork.oracle.entity.currency.JiabiBaseInfo.jiabiBasePics -> jiabi_base_pic
[0121 15:35:14 INFO ] [main--org.hibernate.cfg.annotations.CollectionBinder:762 ] - Mapping collection: org.crimenetwork.oracle.entity.currency.JiabiBaseInfo.jiabiExtendInfos -> jiabi_extend_info
[0121 15:35:14 INFO ] [main--org.hibernate.cfg.annotations.CollectionBinder:762 ] - Mapping collection: org.crimenetwork.oracle.entity.jiabisim.SimDenominationType.jiabiBaseInfos -> jiabi_base_info
[0121 15:35:14 INFO ] [main--org.hibernate.cfg.annotations.CollectionBinder:762 ] - Mapping collection: org.crimenetwork.oracle.entity.jiabisim.SimJiabiBaseInfo.jiabiBasePics -> jiabi_base_pic
[0121 15:35:14 INFO ] [main--org.hibernate.cfg.annotations.CollectionBinder:762 ] - Mapping collection: org.crimenetwork.oracle.entity.suspect.Nation.suspectInfos -> suspect_info
[0121 15:35:14 INFO ] [main--org.hibernate.cfg.Configuration:1676 ] - Hibernate Validator not found: ignoring
[0121 15:35:14 INFO ] [main--org.hibernate.validator.internal.util.Version:17 ] - HV000001: Hibernate Validator 5.2.2.Final
[0121 15:35:15 INFO ] [main--org.hibernate.cfg.search.HibernateSearchEventListenerRegister:75 ] - Unable to find org.hibernate.search.event.FullTextIndexEventListener on the classpath. Hibernate Search is not enabled.
[0121 15:35:15 INFO ] [main--org.hibernate.connection.ConnectionProviderFactory:173 ] - Initializing connection provider: org.hibernate.ejb.connection.InjectedDataSourceConnectionProvider
[0121 15:35:15 INFO ] [main--org.hibernate.ejb.connection.InjectedDataSourceConnectionProvider:62 ] - Using provided datasource
[0121 15:35:15 INFO ] [main--org.hibernate.dialect.Dialect:136 ] - Using dialect: org.hibernate.dialect.OracleDialect
[0121 15:35:15 WARN ] [main--org.hibernate.dialect.Oracle9Dialect:60 ] - The Oracle9Dialect dialect has been deprecated; use either Oracle9iDialect or Oracle10gDialect instead
[0121 15:35:15 WARN ] [main--org.hibernate.dialect.OracleDialect:48 ] - The OracleDialect dialect has been deprecated; use Oracle8iDialect instead
[0121 15:35:15 INFO ] [main--org.hibernate.cfg.SettingsFactory:126 ] - Database ->
       name : Oracle
    version : Oracle Database 11g Enterprise Edition Release 11.1.0.6.0 - Production
With the Partitioning, OLAP, Data Mining and Real Application Testing options
      major : 11
      minor : 1
[0121 15:35:15 INFO ] [main--org.hibernate.cfg.SettingsFactory:132 ] - Driver ->
       name : Oracle JDBC driver
    version : 11.2.0.1.0
      major : 11
      minor : 2
[0121 15:35:15 INFO ] [main--org.hibernate.transaction.TransactionFactoryFactory:62 ] - Using default transaction strategy (direct JDBC transactions)
[0121 15:35:15 INFO ] [main--org.hibernate.transaction.TransactionManagerLookupFactory:83 ] - No TransactionManagerLookup configured (in JTA environment, use of read-write or transactional second-level cache is not recommended)
[0121 15:35:15 INFO ] [main--org.hibernate.cfg.SettingsFactory:179 ] - Automatic flush during beforeCompletion(): disabled
[0121 15:35:15 INFO ] [main--org.hibernate.cfg.SettingsFactory:183 ] - Automatic session close at end of transaction: disabled
[0121 15:35:15 INFO ] [main--org.hibernate.cfg.SettingsFactory:190 ] - JDBC batch size: 15
[0121 15:35:15 INFO ] [main--org.hibernate.cfg.SettingsFactory:193 ] - JDBC batch updates for versioned data: disabled
[0121 15:35:15 INFO ] [main--org.hibernate.cfg.SettingsFactory:198 ] - Scrollable result sets: enabled
[0121 15:35:15 INFO ] [main--org.hibernate.cfg.SettingsFactory:206 ] - JDBC3 getGeneratedKeys(): disabled
[0121 15:35:15 INFO ] [main--org.hibernate.cfg.SettingsFactory:214 ] - Connection release mode: auto
[0121 15:35:15 INFO ] [main--org.hibernate.cfg.SettingsFactory:241 ] - Default batch fetch size: 1
[0121 15:35:15 INFO ] [main--org.hibernate.cfg.SettingsFactory:245 ] - Generate SQL with comments: disabled
[0121 15:35:15 INFO ] [main--org.hibernate.cfg.SettingsFactory:249 ] - Order SQL updates by primary key: disabled
[0121 15:35:15 INFO ] [main--org.hibernate.cfg.SettingsFactory:253 ] - Order SQL inserts for batching: disabled
[0121 15:35:15 INFO ] [main--org.hibernate.cfg.SettingsFactory:431 ] - Query translator: org.hibernate.hql.ast.ASTQueryTranslatorFactory
[0121 15:35:15 INFO ] [main--org.hibernate.hql.ast.ASTQueryTranslatorFactory:47 ] - Using ASTQueryTranslatorFactory
[0121 15:35:15 INFO ] [main--org.hibernate.cfg.SettingsFactory:261 ] - Query language substitutions: {}
[0121 15:35:15 INFO ] [main--org.hibernate.cfg.SettingsFactory:266 ] - JPA-QL strict compliance: enabled
[0121 15:35:15 INFO ] [main--org.hibernate.cfg.SettingsFactory:271 ] - Second-level cache: enabled
[0121 15:35:15 INFO ] [main--org.hibernate.cfg.SettingsFactory:275 ] - Query cache: disabled
[0121 15:35:15 INFO ] [main--org.hibernate.cfg.SettingsFactory:406 ] - Cache region factory : org.hibernate.cache.impl.NoCachingRegionFactory
[0121 15:35:15 INFO ] [main--org.hibernate.cfg.SettingsFactory:285 ] - Optimize cache for minimal puts: disabled
[0121 15:35:15 INFO ] [main--org.hibernate.cfg.SettingsFactory:294 ] - Structured second-level cache entries: disabled
[0121 15:35:16 INFO ] [main--org.hibernate.cfg.SettingsFactory:323 ] - Statistics: disabled
[0121 15:35:16 INFO ] [main--org.hibernate.cfg.SettingsFactory:327 ] - Deleted entity synthetic identifier rollback: disabled
[0121 15:35:16 INFO ] [main--org.hibernate.cfg.SettingsFactory:343 ] - Default entity-mode: pojo
[0121 15:35:16 INFO ] [main--org.hibernate.cfg.SettingsFactory:347 ] - Named query checking : enabled
[0121 15:35:16 INFO ] [main--org.hibernate.cfg.SettingsFactory:351 ] - Check Nullability in Core (should be disabled when Bean Validation is on): disabled
[0121 15:35:16 INFO ] [main--org.hibernate.impl.SessionFactoryImpl:202 ] - building session factory
[0121 15:35:16 INFO ] [main--org.hibernate.type.BasicTypeRegistry:150 ] - Type registration [materialized_blob] overrides previous : org.hibernate.type.MaterializedBlobType@140a3f5
[0121 15:35:16 INFO ] [main--org.hibernate.type.BasicTypeRegistry:150 ] - Type registration [blob] overrides previous : org.hibernate.type.BlobType@1014f68
[0121 15:35:16 INFO ] [main--org.hibernate.type.BasicTypeRegistry:150 ] - Type registration [java.sql.Blob] overrides previous : org.hibernate.type.BlobType@1014f68
[0121 15:35:16 INFO ] [main--org.hibernate.type.BasicTypeRegistry:150 ] - Type registration [wrapper_materialized_blob] overrides previous : org.hibernate.type.WrappedMaterializedBlobType@1ad1871
[0121 15:35:16 INFO ] [main--org.hibernate.type.BasicTypeRegistry:150 ] - Type registration [materialized_clob] overrides previous : org.hibernate.type.MaterializedClobType@dc9d4a
[0121 15:35:16 INFO ] [main--org.hibernate.type.BasicTypeRegistry:150 ] - Type registration [wrapper_characters_clob] overrides previous : org.hibernate.type.CharacterArrayClobType@14c78e3
[0121 15:35:16 INFO ] [main--org.hibernate.type.BasicTypeRegistry:150 ] - Type registration [characters_clob] overrides previous : org.hibernate.type.PrimitiveCharacterArrayClobType@15dac6c
[0121 15:35:16 INFO ] [main--org.hibernate.type.BasicTypeRegistry:150 ] - Type registration [clob] overrides previous : org.hibernate.type.ClobType@a0a46c
[0121 15:35:16 INFO ] [main--org.hibernate.type.BasicTypeRegistry:150 ] - Type registration [java.sql.Clob] overrides previous : org.hibernate.type.ClobType@a0a46c
[0121 15:35:16 INFO ] [main--org.hibernate.impl.SessionFactoryObjectFactory:105 ] - Not binding factory to JNDI, no JNDI name configured
[0121 15:35:17 INFO ] [main--org.springframework.transaction.jta.JtaTransactionManager:490 ] - Using JTA UserTransaction: org.springframework.transaction.jta.UserTransactionAdapter@7f068c
[0121 15:35:17 INFO ] [main--org.springframework.transaction.jta.JtaTransactionManager:501 ] - Using JTA TransactionManager: org.neo4j.rest.graphdb.transaction.NullTransactionManager@186d8c3
[0121 15:47:09 WARN ] [main--org.hibernate.dialect.Oracle9Dialect:60 ] - The Oracle9Dialect dialect has been deprecated; use either Oracle9iDialect or Oracle10gDialect instead
[0121 15:47:09 WARN ] [main--org.hibernate.dialect.OracleDialect:48 ] - The OracleDialect dialect has been deprecated; use Oracle8iDialect instead
