[0115 14:24:51 INFO ] [main--org.springframework.context.support.ClassPathXmlApplicationContext:578 ] - Refreshing org.springframework.context.support.ClassPathXmlApplicationContext@6f7492: startup date [Fri Jan 15 14:24:51 CST 2016]; root of context hierarchy
[0115 14:24:51 INFO ] [main--org.springframework.beans.factory.xml.XmlBeanDefinitionReader:317 ] - Loading XML bean definitions from class path resource [currencysim/applicationContext.xml]
[0115 14:24:52 INFO ] [main--org.springframework.beans.factory.xml.XmlBeanDefinitionReader:317 ] - Loading XML bean definitions from URL [file:/E:/Github/crimenetwork/crimenetwork-oracle/target/classes/database/oracle/datasourse.xml]
[0115 14:24:52 INFO ] [main--org.springframework.orm.jpa.LocalContainerEntityManagerFactoryBean:287 ] - Building JPA container EntityManagerFactory for persistence unit 'default'
[0115 14:24:53 INFO ] [main--org.hibernate.annotations.common.Version:37 ] - Hibernate Commons Annotations 3.2.0.Final
[0115 14:24:53 INFO ] [main--org.hibernate.cfg.Environment:603 ] - Hibernate 3.6.10.Final
[0115 14:24:53 INFO ] [main--org.hibernate.cfg.Environment:636 ] - hibernate.properties not found
[0115 14:24:53 INFO ] [main--org.hibernate.cfg.Environment:814 ] - Bytecode provider name : javassist
[0115 14:24:53 INFO ] [main--org.hibernate.cfg.Environment:695 ] - using JDK 1.4 java.sql.Timestamp handling
[0115 14:24:53 INFO ] [main--org.hibernate.ejb.Version:42 ] - Hibernate EntityManager 3.6.10.Final
[0115 14:24:53 INFO ] [main--org.hibernate.cfg.AnnotationBinder:532 ] - Binding entity from annotated class: org.crimenetwork.oracle.entity.cases.CaseBaseInfo
[0115 14:24:53 INFO ] [main--org.hibernate.cfg.annotations.EntityBinder:530 ] - Bind entity org.crimenetwork.oracle.entity.cases.CaseBaseInfo on table case_info
[0115 14:24:53 INFO ] [main--org.hibernate.cfg.AnnotationBinder:532 ] - Binding entity from annotated class: org.crimenetwork.oracle.entity.currency.CategoryType
[0115 14:24:53 INFO ] [main--org.hibernate.cfg.annotations.EntityBinder:530 ] - Bind entity org.crimenetwork.oracle.entity.currency.CategoryType on table jiabi_category_type
[0115 14:24:53 INFO ] [main--org.hibernate.cfg.AnnotationBinder:532 ] - Binding entity from annotated class: org.crimenetwork.oracle.entity.currency.ClassificationNumber
[0115 14:24:53 INFO ] [main--org.hibernate.cfg.annotations.EntityBinder:530 ] - Bind entity org.crimenetwork.oracle.entity.currency.ClassificationNumber on table Jiabi_identify
[0115 14:24:53 INFO ] [main--org.hibernate.cfg.AnnotationBinder:532 ] - Binding entity from annotated class: org.crimenetwork.oracle.entity.currency.CurrencyCharacterTrain
[0115 14:24:53 INFO ] [main--org.hibernate.cfg.annotations.EntityBinder:530 ] - Bind entity org.crimenetwork.oracle.entity.currency.CurrencyCharacterTrain on table currency_character_train
[0115 14:24:53 INFO ] [main--org.hibernate.cfg.AnnotationBinder:532 ] - Binding entity from annotated class: org.crimenetwork.oracle.entity.currency.CurrencyType
[0115 14:24:53 INFO ] [main--org.hibernate.cfg.annotations.EntityBinder:530 ] - Bind entity org.crimenetwork.oracle.entity.currency.CurrencyType on table currency_type
[0115 14:24:53 INFO ] [main--org.hibernate.cfg.AnnotationBinder:532 ] - Binding entity from annotated class: org.crimenetwork.oracle.entity.currency.DataFrom
[0115 14:24:53 INFO ] [main--org.hibernate.cfg.annotations.EntityBinder:530 ] - Bind entity org.crimenetwork.oracle.entity.currency.DataFrom on table data_from
[0115 14:24:53 INFO ] [main--org.hibernate.cfg.AnnotationBinder:532 ] - Binding entity from annotated class: org.crimenetwork.oracle.entity.currency.DenominationType
[0115 14:24:53 INFO ] [main--org.hibernate.cfg.annotations.EntityBinder:530 ] - Bind entity org.crimenetwork.oracle.entity.currency.DenominationType on table jiabi_denomination_type
[0115 14:24:53 INFO ] [main--org.hibernate.cfg.AnnotationBinder:532 ] - Binding entity from annotated class: org.crimenetwork.oracle.entity.currency.ForgeType
[0115 14:24:53 INFO ] [main--org.hibernate.cfg.annotations.EntityBinder:530 ] - Bind entity org.crimenetwork.oracle.entity.currency.ForgeType on table forge_type
[0115 14:24:53 INFO ] [main--org.hibernate.cfg.AnnotationBinder:532 ] - Binding entity from annotated class: org.crimenetwork.oracle.entity.currency.JiabiBaseInfo
[0115 14:24:53 INFO ] [main--org.hibernate.cfg.annotations.EntityBinder:530 ] - Bind entity org.crimenetwork.oracle.entity.currency.JiabiBaseInfo on table jiabi_base_info
[0115 14:24:53 INFO ] [main--org.hibernate.cfg.AnnotationBinder:532 ] - Binding entity from annotated class: org.crimenetwork.oracle.entity.currency.JiabiBasePic
[0115 14:24:53 INFO ] [main--org.hibernate.cfg.annotations.EntityBinder:530 ] - Bind entity org.crimenetwork.oracle.entity.currency.JiabiBasePic on table jiabi_base_pic
[0115 14:24:53 INFO ] [main--org.hibernate.cfg.AnnotationBinder:532 ] - Binding entity from annotated class: org.crimenetwork.oracle.entity.currency.JiabiExtendInfo
[0115 14:24:53 INFO ] [main--org.hibernate.cfg.annotations.EntityBinder:530 ] - Bind entity org.crimenetwork.oracle.entity.currency.JiabiExtendInfo on table jiabi_extend_info
[0115 14:24:53 INFO ] [main--org.hibernate.cfg.AnnotationBinder:532 ] - Binding entity from annotated class: org.crimenetwork.oracle.entity.currency.PicType
[0115 14:24:53 INFO ] [main--org.hibernate.cfg.annotations.EntityBinder:530 ] - Bind entity org.crimenetwork.oracle.entity.currency.PicType on table pic_type
[0115 14:24:53 INFO ] [main--org.hibernate.cfg.AnnotationBinder:532 ] - Binding entity from annotated class: org.crimenetwork.oracle.entity.currency.VersionType
[0115 14:24:53 INFO ] [main--org.hibernate.cfg.annotations.EntityBinder:530 ] - Bind entity org.crimenetwork.oracle.entity.currency.VersionType on table jiabi_version_type
[0115 14:24:53 INFO ] [main--org.hibernate.cfg.AnnotationBinder:532 ] - Binding entity from annotated class: org.crimenetwork.oracle.entity.jiabisim.SimDenominationType
[0115 14:24:53 INFO ] [main--org.hibernate.cfg.annotations.EntityBinder:530 ] - Bind entity org.crimenetwork.oracle.entity.jiabisim.SimDenominationType on table jiabi_denomination_type
[0115 14:24:53 INFO ] [main--org.hibernate.cfg.AnnotationBinder:532 ] - Binding entity from annotated class: org.crimenetwork.oracle.entity.jiabisim.SimJiabiBaseInfo
[0115 14:24:53 INFO ] [main--org.hibernate.cfg.annotations.EntityBinder:530 ] - Bind entity org.crimenetwork.oracle.entity.jiabisim.SimJiabiBaseInfo on table jiabi_base_info
[0115 14:24:53 INFO ] [main--org.hibernate.cfg.AnnotationBinder:532 ] - Binding entity from annotated class: org.crimenetwork.oracle.entity.share.ContinentCode
[0115 14:24:53 INFO ] [main--org.hibernate.cfg.annotations.EntityBinder:530 ] - Bind entity org.crimenetwork.oracle.entity.share.ContinentCode on table continent_code
[0115 14:24:53 INFO ] [main--org.hibernate.cfg.AnnotationBinder:532 ] - Binding entity from annotated class: org.crimenetwork.oracle.entity.share.CountryCode
[0115 14:24:53 INFO ] [main--org.hibernate.cfg.annotations.EntityBinder:530 ] - Bind entity org.crimenetwork.oracle.entity.share.CountryCode on table country_code
[0115 14:24:53 INFO ] [main--org.hibernate.cfg.AnnotationBinder:532 ] - Binding entity from annotated class: org.crimenetwork.oracle.entity.share.EduLevel
[0115 14:24:53 INFO ] [main--org.hibernate.cfg.annotations.EntityBinder:530 ] - Bind entity org.crimenetwork.oracle.entity.share.EduLevel on table edu_level
[0115 14:24:53 INFO ] [main--org.hibernate.cfg.AnnotationBinder:532 ] - Binding entity from annotated class: org.crimenetwork.oracle.entity.share.Location
[0115 14:24:53 INFO ] [main--org.hibernate.cfg.annotations.EntityBinder:530 ] - Bind entity org.crimenetwork.oracle.entity.share.Location on table location_code
[0115 14:24:53 INFO ] [main--org.hibernate.cfg.AnnotationBinder:532 ] - Binding entity from annotated class: org.crimenetwork.oracle.entity.share.LocationCode
[0115 14:24:53 INFO ] [main--org.hibernate.cfg.annotations.EntityBinder:530 ] - Bind entity org.crimenetwork.oracle.entity.share.LocationCode on table location_code
[0115 14:24:53 INFO ] [main--org.hibernate.cfg.AnnotationBinder:532 ] - Binding entity from annotated class: org.crimenetwork.oracle.entity.share.ProcessMode
[0115 14:24:53 INFO ] [main--org.hibernate.cfg.annotations.EntityBinder:530 ] - Bind entity org.crimenetwork.oracle.entity.share.ProcessMode on table process_mode
[0115 14:24:53 INFO ] [main--org.hibernate.cfg.AnnotationBinder:532 ] - Binding entity from annotated class: org.crimenetwork.oracle.entity.share.Sif
[0115 14:24:53 INFO ] [main--org.hibernate.cfg.annotations.EntityBinder:530 ] - Bind entity org.crimenetwork.oracle.entity.share.Sif on table SIF
[0115 14:24:53 INFO ] [main--org.hibernate.cfg.AnnotationBinder:532 ] - Binding entity from annotated class: org.crimenetwork.oracle.entity.share.UserInfo
[0115 14:24:53 INFO ] [main--org.hibernate.cfg.annotations.EntityBinder:530 ] - Bind entity org.crimenetwork.oracle.entity.share.UserInfo on table user_info
[0115 14:24:53 INFO ] [main--org.hibernate.cfg.AnnotationBinder:532 ] - Binding entity from annotated class: org.crimenetwork.oracle.entity.suspect.CurrentState
[0115 14:24:53 INFO ] [main--org.hibernate.cfg.annotations.EntityBinder:530 ] - Bind entity org.crimenetwork.oracle.entity.suspect.CurrentState on table current_state
[0115 14:24:53 INFO ] [main--org.hibernate.cfg.AnnotationBinder:532 ] - Binding entity from annotated class: org.crimenetwork.oracle.entity.suspect.Gender
[0115 14:24:53 INFO ] [main--org.hibernate.cfg.annotations.EntityBinder:530 ] - Bind entity org.crimenetwork.oracle.entity.suspect.Gender on table gender
[0115 14:24:53 INFO ] [main--org.hibernate.cfg.AnnotationBinder:532 ] - Binding entity from annotated class: org.crimenetwork.oracle.entity.suspect.Nation
[0115 14:24:53 INFO ] [main--org.hibernate.cfg.annotations.EntityBinder:530 ] - Bind entity org.crimenetwork.oracle.entity.suspect.Nation on table nation
[0115 14:24:53 INFO ] [main--org.hibernate.cfg.AnnotationBinder:532 ] - Binding entity from annotated class: org.crimenetwork.oracle.entity.suspect.Occupation
[0115 14:24:53 INFO ] [main--org.hibernate.cfg.annotations.EntityBinder:530 ] - Bind entity org.crimenetwork.oracle.entity.suspect.Occupation on table occupation
[0115 14:24:53 INFO ] [main--org.hibernate.cfg.AnnotationBinder:532 ] - Binding entity from annotated class: org.crimenetwork.oracle.entity.suspect.SuspectBaseInfo
[0115 14:24:53 INFO ] [main--org.hibernate.cfg.annotations.EntityBinder:530 ] - Bind entity org.crimenetwork.oracle.entity.suspect.SuspectBaseInfo on table suspect_info
[0115 14:24:53 INFO ] [main--org.hibernate.cfg.annotations.CollectionBinder:762 ] - Mapping collection: org.crimenetwork.oracle.entity.currency.CurrencyType.jiabiBaseInfos -> jiabi_base_info
[0115 14:24:53 INFO ] [main--org.hibernate.cfg.annotations.CollectionBinder:762 ] - Mapping collection: org.crimenetwork.oracle.entity.currency.JiabiBaseInfo.jiabiBasePics -> jiabi_base_pic
[0115 14:24:53 INFO ] [main--org.hibernate.cfg.annotations.CollectionBinder:762 ] - Mapping collection: org.crimenetwork.oracle.entity.currency.JiabiBaseInfo.jiabiExtendInfos -> jiabi_extend_info
[0115 14:24:53 INFO ] [main--org.hibernate.cfg.annotations.CollectionBinder:762 ] - Mapping collection: org.crimenetwork.oracle.entity.jiabisim.SimDenominationType.jiabiBaseInfos -> jiabi_base_info
[0115 14:24:53 INFO ] [main--org.hibernate.cfg.annotations.CollectionBinder:762 ] - Mapping collection: org.crimenetwork.oracle.entity.jiabisim.SimJiabiBaseInfo.jiabiBasePics -> jiabi_base_pic
[0115 14:24:53 INFO ] [main--org.hibernate.cfg.annotations.CollectionBinder:762 ] - Mapping collection: org.crimenetwork.oracle.entity.suspect.Nation.suspectInfos -> suspect_info
[0115 14:24:53 INFO ] [main--org.hibernate.cfg.Configuration:1676 ] - Hibernate Validator not found: ignoring
[0115 14:24:53 INFO ] [main--org.hibernate.cfg.search.HibernateSearchEventListenerRegister:75 ] - Unable to find org.hibernate.search.event.FullTextIndexEventListener on the classpath. Hibernate Search is not enabled.
[0115 14:24:53 INFO ] [main--org.hibernate.connection.ConnectionProviderFactory:173 ] - Initializing connection provider: org.hibernate.ejb.connection.InjectedDataSourceConnectionProvider
[0115 14:24:53 INFO ] [main--org.hibernate.ejb.connection.InjectedDataSourceConnectionProvider:62 ] - Using provided datasource
[0115 14:24:55 INFO ] [main--org.hibernate.dialect.Dialect:136 ] - Using dialect: org.hibernate.dialect.OracleDialect
[0115 14:24:55 WARN ] [main--org.hibernate.dialect.Oracle9Dialect:60 ] - The Oracle9Dialect dialect has been deprecated; use either Oracle9iDialect or Oracle10gDialect instead
[0115 14:24:55 WARN ] [main--org.hibernate.dialect.OracleDialect:48 ] - The OracleDialect dialect has been deprecated; use Oracle8iDialect instead
[0115 14:24:55 INFO ] [main--org.hibernate.cfg.SettingsFactory:126 ] - Database ->
       name : Oracle
    version : Oracle Database 11g Enterprise Edition Release 11.1.0.6.0 - Production
With the Partitioning, OLAP, Data Mining and Real Application Testing options
      major : 11
      minor : 1
[0115 14:24:55 INFO ] [main--org.hibernate.cfg.SettingsFactory:132 ] - Driver ->
       name : Oracle JDBC driver
    version : 11.2.0.1.0
      major : 11
      minor : 2
[0115 14:24:55 INFO ] [main--org.hibernate.transaction.TransactionFactoryFactory:62 ] - Using default transaction strategy (direct JDBC transactions)
[0115 14:24:55 INFO ] [main--org.hibernate.transaction.TransactionManagerLookupFactory:83 ] - No TransactionManagerLookup configured (in JTA environment, use of read-write or transactional second-level cache is not recommended)
[0115 14:24:55 INFO ] [main--org.hibernate.cfg.SettingsFactory:179 ] - Automatic flush during beforeCompletion(): disabled
[0115 14:24:55 INFO ] [main--org.hibernate.cfg.SettingsFactory:183 ] - Automatic session close at end of transaction: disabled
[0115 14:24:55 INFO ] [main--org.hibernate.cfg.SettingsFactory:190 ] - JDBC batch size: 15
[0115 14:24:55 INFO ] [main--org.hibernate.cfg.SettingsFactory:193 ] - JDBC batch updates for versioned data: disabled
[0115 14:24:55 INFO ] [main--org.hibernate.cfg.SettingsFactory:198 ] - Scrollable result sets: enabled
[0115 14:24:55 INFO ] [main--org.hibernate.cfg.SettingsFactory:206 ] - JDBC3 getGeneratedKeys(): disabled
[0115 14:24:55 INFO ] [main--org.hibernate.cfg.SettingsFactory:214 ] - Connection release mode: auto
[0115 14:24:55 INFO ] [main--org.hibernate.cfg.SettingsFactory:241 ] - Default batch fetch size: 1
[0115 14:24:55 INFO ] [main--org.hibernate.cfg.SettingsFactory:245 ] - Generate SQL with comments: disabled
[0115 14:24:55 INFO ] [main--org.hibernate.cfg.SettingsFactory:249 ] - Order SQL updates by primary key: disabled
[0115 14:24:55 INFO ] [main--org.hibernate.cfg.SettingsFactory:253 ] - Order SQL inserts for batching: disabled
[0115 14:24:55 INFO ] [main--org.hibernate.cfg.SettingsFactory:431 ] - Query translator: org.hibernate.hql.ast.ASTQueryTranslatorFactory
[0115 14:24:55 INFO ] [main--org.hibernate.hql.ast.ASTQueryTranslatorFactory:47 ] - Using ASTQueryTranslatorFactory
[0115 14:24:55 INFO ] [main--org.hibernate.cfg.SettingsFactory:261 ] - Query language substitutions: {}
[0115 14:24:55 INFO ] [main--org.hibernate.cfg.SettingsFactory:266 ] - JPA-QL strict compliance: enabled
[0115 14:24:55 INFO ] [main--org.hibernate.cfg.SettingsFactory:271 ] - Second-level cache: enabled
[0115 14:24:55 INFO ] [main--org.hibernate.cfg.SettingsFactory:275 ] - Query cache: disabled
[0115 14:24:55 INFO ] [main--org.hibernate.cfg.SettingsFactory:406 ] - Cache region factory : org.hibernate.cache.impl.NoCachingRegionFactory
[0115 14:24:55 INFO ] [main--org.hibernate.cfg.SettingsFactory:285 ] - Optimize cache for minimal puts: disabled
[0115 14:24:55 INFO ] [main--org.hibernate.cfg.SettingsFactory:294 ] - Structured second-level cache entries: disabled
[0115 14:24:55 INFO ] [main--org.hibernate.cfg.SettingsFactory:323 ] - Statistics: disabled
[0115 14:24:55 INFO ] [main--org.hibernate.cfg.SettingsFactory:327 ] - Deleted entity synthetic identifier rollback: disabled
[0115 14:24:55 INFO ] [main--org.hibernate.cfg.SettingsFactory:343 ] - Default entity-mode: pojo
[0115 14:24:55 INFO ] [main--org.hibernate.cfg.SettingsFactory:347 ] - Named query checking : enabled
[0115 14:24:55 INFO ] [main--org.hibernate.cfg.SettingsFactory:351 ] - Check Nullability in Core (should be disabled when Bean Validation is on): enabled
[0115 14:24:55 INFO ] [main--org.hibernate.impl.SessionFactoryImpl:202 ] - building session factory
[0115 14:24:55 INFO ] [main--org.hibernate.type.BasicTypeRegistry:150 ] - Type registration [blob] overrides previous : org.hibernate.type.BlobType@527035
[0115 14:24:55 INFO ] [main--org.hibernate.type.BasicTypeRegistry:150 ] - Type registration [java.sql.Blob] overrides previous : org.hibernate.type.BlobType@527035
[0115 14:24:55 INFO ] [main--org.hibernate.type.BasicTypeRegistry:150 ] - Type registration [wrapper_characters_clob] overrides previous : org.hibernate.type.CharacterArrayClobType@1708eee
[0115 14:24:55 INFO ] [main--org.hibernate.type.BasicTypeRegistry:150 ] - Type registration [materialized_clob] overrides previous : org.hibernate.type.MaterializedClobType@beb8f0
[0115 14:24:55 INFO ] [main--org.hibernate.type.BasicTypeRegistry:150 ] - Type registration [wrapper_materialized_blob] overrides previous : org.hibernate.type.WrappedMaterializedBlobType@1b7dddd
[0115 14:24:55 INFO ] [main--org.hibernate.type.BasicTypeRegistry:150 ] - Type registration [characters_clob] overrides previous : org.hibernate.type.PrimitiveCharacterArrayClobType@1753747
[0115 14:24:55 INFO ] [main--org.hibernate.type.BasicTypeRegistry:150 ] - Type registration [clob] overrides previous : org.hibernate.type.ClobType@1399f26
[0115 14:24:55 INFO ] [main--org.hibernate.type.BasicTypeRegistry:150 ] - Type registration [java.sql.Clob] overrides previous : org.hibernate.type.ClobType@1399f26
[0115 14:24:55 INFO ] [main--org.hibernate.type.BasicTypeRegistry:150 ] - Type registration [materialized_blob] overrides previous : org.hibernate.type.MaterializedBlobType@1965de4
[0115 14:24:56 INFO ] [main--org.hibernate.impl.SessionFactoryObjectFactory:105 ] - Not binding factory to JNDI, no JNDI name configured
[0115 15:02:50 INFO ] [main--org.springframework.context.support.ClassPathXmlApplicationContext:578 ] - Refreshing org.springframework.context.support.ClassPathXmlApplicationContext@6f7492: startup date [Fri Jan 15 15:02:50 CST 2016]; root of context hierarchy
[0115 15:02:50 INFO ] [main--org.springframework.beans.factory.xml.XmlBeanDefinitionReader:317 ] - Loading XML bean definitions from class path resource [currencysim/applicationContext.xml]
[0115 15:02:50 INFO ] [main--org.springframework.beans.factory.xml.XmlBeanDefinitionReader:317 ] - Loading XML bean definitions from URL [file:/E:/Github/crimenetwork/crimenetwork-oracle/target/classes/database/oracle/datasourse.xml]
[0115 15:02:51 INFO ] [main--org.springframework.orm.jpa.LocalContainerEntityManagerFactoryBean:287 ] - Building JPA container EntityManagerFactory for persistence unit 'default'
[0115 15:02:51 INFO ] [main--org.hibernate.annotations.common.Version:37 ] - Hibernate Commons Annotations 3.2.0.Final
[0115 15:02:51 INFO ] [main--org.hibernate.cfg.Environment:603 ] - Hibernate 3.6.10.Final
[0115 15:02:51 INFO ] [main--org.hibernate.cfg.Environment:636 ] - hibernate.properties not found
[0115 15:02:51 INFO ] [main--org.hibernate.cfg.Environment:814 ] - Bytecode provider name : javassist
[0115 15:02:51 INFO ] [main--org.hibernate.cfg.Environment:695 ] - using JDK 1.4 java.sql.Timestamp handling
[0115 15:02:51 INFO ] [main--org.hibernate.ejb.Version:42 ] - Hibernate EntityManager 3.6.10.Final
[0115 15:02:51 INFO ] [main--org.hibernate.cfg.AnnotationBinder:532 ] - Binding entity from annotated class: org.crimenetwork.oracle.entity.cases.CaseBaseInfo
[0115 15:02:51 INFO ] [main--org.hibernate.cfg.annotations.EntityBinder:530 ] - Bind entity org.crimenetwork.oracle.entity.cases.CaseBaseInfo on table case_info
[0115 15:02:51 INFO ] [main--org.hibernate.cfg.AnnotationBinder:532 ] - Binding entity from annotated class: org.crimenetwork.oracle.entity.currency.CategoryType
[0115 15:02:51 INFO ] [main--org.hibernate.cfg.annotations.EntityBinder:530 ] - Bind entity org.crimenetwork.oracle.entity.currency.CategoryType on table jiabi_category_type
[0115 15:02:51 INFO ] [main--org.hibernate.cfg.AnnotationBinder:532 ] - Binding entity from annotated class: org.crimenetwork.oracle.entity.currency.ClassificationNumber
[0115 15:02:51 INFO ] [main--org.hibernate.cfg.annotations.EntityBinder:530 ] - Bind entity org.crimenetwork.oracle.entity.currency.ClassificationNumber on table Jiabi_identify
[0115 15:02:51 INFO ] [main--org.hibernate.cfg.AnnotationBinder:532 ] - Binding entity from annotated class: org.crimenetwork.oracle.entity.currency.CurrencyCharacterTrain
[0115 15:02:51 INFO ] [main--org.hibernate.cfg.annotations.EntityBinder:530 ] - Bind entity org.crimenetwork.oracle.entity.currency.CurrencyCharacterTrain on table currency_character_train
[0115 15:02:51 INFO ] [main--org.hibernate.cfg.AnnotationBinder:532 ] - Binding entity from annotated class: org.crimenetwork.oracle.entity.currency.CurrencyType
[0115 15:02:51 INFO ] [main--org.hibernate.cfg.annotations.EntityBinder:530 ] - Bind entity org.crimenetwork.oracle.entity.currency.CurrencyType on table currency_type
[0115 15:02:51 INFO ] [main--org.hibernate.cfg.AnnotationBinder:532 ] - Binding entity from annotated class: org.crimenetwork.oracle.entity.currency.DataFrom
[0115 15:02:51 INFO ] [main--org.hibernate.cfg.annotations.EntityBinder:530 ] - Bind entity org.crimenetwork.oracle.entity.currency.DataFrom on table data_from
[0115 15:02:51 INFO ] [main--org.hibernate.cfg.AnnotationBinder:532 ] - Binding entity from annotated class: org.crimenetwork.oracle.entity.currency.DenominationType
[0115 15:02:51 INFO ] [main--org.hibernate.cfg.annotations.EntityBinder:530 ] - Bind entity org.crimenetwork.oracle.entity.currency.DenominationType on table jiabi_denomination_type
[0115 15:02:51 INFO ] [main--org.hibernate.cfg.AnnotationBinder:532 ] - Binding entity from annotated class: org.crimenetwork.oracle.entity.currency.ForgeType
[0115 15:02:51 INFO ] [main--org.hibernate.cfg.annotations.EntityBinder:530 ] - Bind entity org.crimenetwork.oracle.entity.currency.ForgeType on table forge_type
[0115 15:02:51 INFO ] [main--org.hibernate.cfg.AnnotationBinder:532 ] - Binding entity from annotated class: org.crimenetwork.oracle.entity.currency.JiabiBaseInfo
[0115 15:02:51 INFO ] [main--org.hibernate.cfg.annotations.EntityBinder:530 ] - Bind entity org.crimenetwork.oracle.entity.currency.JiabiBaseInfo on table jiabi_base_info
[0115 15:02:51 INFO ] [main--org.hibernate.cfg.AnnotationBinder:532 ] - Binding entity from annotated class: org.crimenetwork.oracle.entity.currency.JiabiBasePic
[0115 15:02:51 INFO ] [main--org.hibernate.cfg.annotations.EntityBinder:530 ] - Bind entity org.crimenetwork.oracle.entity.currency.JiabiBasePic on table jiabi_base_pic
[0115 15:02:51 INFO ] [main--org.hibernate.cfg.AnnotationBinder:532 ] - Binding entity from annotated class: org.crimenetwork.oracle.entity.currency.JiabiExtendInfo
[0115 15:02:51 INFO ] [main--org.hibernate.cfg.annotations.EntityBinder:530 ] - Bind entity org.crimenetwork.oracle.entity.currency.JiabiExtendInfo on table jiabi_extend_info
[0115 15:02:51 INFO ] [main--org.hibernate.cfg.AnnotationBinder:532 ] - Binding entity from annotated class: org.crimenetwork.oracle.entity.currency.PicType
[0115 15:02:51 INFO ] [main--org.hibernate.cfg.annotations.EntityBinder:530 ] - Bind entity org.crimenetwork.oracle.entity.currency.PicType on table pic_type
[0115 15:02:51 INFO ] [main--org.hibernate.cfg.AnnotationBinder:532 ] - Binding entity from annotated class: org.crimenetwork.oracle.entity.currency.VersionType
[0115 15:02:51 INFO ] [main--org.hibernate.cfg.annotations.EntityBinder:530 ] - Bind entity org.crimenetwork.oracle.entity.currency.VersionType on table jiabi_version_type
[0115 15:02:51 INFO ] [main--org.hibernate.cfg.AnnotationBinder:532 ] - Binding entity from annotated class: org.crimenetwork.oracle.entity.jiabisim.SimDenominationType
[0115 15:02:51 INFO ] [main--org.hibernate.cfg.annotations.EntityBinder:530 ] - Bind entity org.crimenetwork.oracle.entity.jiabisim.SimDenominationType on table jiabi_denomination_type
[0115 15:02:51 INFO ] [main--org.hibernate.cfg.AnnotationBinder:532 ] - Binding entity from annotated class: org.crimenetwork.oracle.entity.jiabisim.SimJiabiBaseInfo
[0115 15:02:51 INFO ] [main--org.hibernate.cfg.annotations.EntityBinder:530 ] - Bind entity org.crimenetwork.oracle.entity.jiabisim.SimJiabiBaseInfo on table jiabi_base_info
[0115 15:02:51 INFO ] [main--org.hibernate.cfg.AnnotationBinder:532 ] - Binding entity from annotated class: org.crimenetwork.oracle.entity.share.ContinentCode
[0115 15:02:51 INFO ] [main--org.hibernate.cfg.annotations.EntityBinder:530 ] - Bind entity org.crimenetwork.oracle.entity.share.ContinentCode on table continent_code
[0115 15:02:51 INFO ] [main--org.hibernate.cfg.AnnotationBinder:532 ] - Binding entity from annotated class: org.crimenetwork.oracle.entity.share.CountryCode
[0115 15:02:51 INFO ] [main--org.hibernate.cfg.annotations.EntityBinder:530 ] - Bind entity org.crimenetwork.oracle.entity.share.CountryCode on table country_code
[0115 15:02:51 INFO ] [main--org.hibernate.cfg.AnnotationBinder:532 ] - Binding entity from annotated class: org.crimenetwork.oracle.entity.share.EduLevel
[0115 15:02:51 INFO ] [main--org.hibernate.cfg.annotations.EntityBinder:530 ] - Bind entity org.crimenetwork.oracle.entity.share.EduLevel on table edu_level
[0115 15:02:51 INFO ] [main--org.hibernate.cfg.AnnotationBinder:532 ] - Binding entity from annotated class: org.crimenetwork.oracle.entity.share.Location
[0115 15:02:51 INFO ] [main--org.hibernate.cfg.annotations.EntityBinder:530 ] - Bind entity org.crimenetwork.oracle.entity.share.Location on table location_code
[0115 15:02:51 INFO ] [main--org.hibernate.cfg.AnnotationBinder:532 ] - Binding entity from annotated class: org.crimenetwork.oracle.entity.share.LocationCode
[0115 15:02:51 INFO ] [main--org.hibernate.cfg.annotations.EntityBinder:530 ] - Bind entity org.crimenetwork.oracle.entity.share.LocationCode on table location_code
[0115 15:02:51 INFO ] [main--org.hibernate.cfg.AnnotationBinder:532 ] - Binding entity from annotated class: org.crimenetwork.oracle.entity.share.ProcessMode
[0115 15:02:51 INFO ] [main--org.hibernate.cfg.annotations.EntityBinder:530 ] - Bind entity org.crimenetwork.oracle.entity.share.ProcessMode on table process_mode
[0115 15:02:51 INFO ] [main--org.hibernate.cfg.AnnotationBinder:532 ] - Binding entity from annotated class: org.crimenetwork.oracle.entity.share.Sif
[0115 15:02:51 INFO ] [main--org.hibernate.cfg.annotations.EntityBinder:530 ] - Bind entity org.crimenetwork.oracle.entity.share.Sif on table SIF
[0115 15:02:51 INFO ] [main--org.hibernate.cfg.AnnotationBinder:532 ] - Binding entity from annotated class: org.crimenetwork.oracle.entity.share.UserInfo
[0115 15:02:51 INFO ] [main--org.hibernate.cfg.annotations.EntityBinder:530 ] - Bind entity org.crimenetwork.oracle.entity.share.UserInfo on table user_info
[0115 15:02:51 INFO ] [main--org.hibernate.cfg.AnnotationBinder:532 ] - Binding entity from annotated class: org.crimenetwork.oracle.entity.suspect.CurrentState
[0115 15:02:51 INFO ] [main--org.hibernate.cfg.annotations.EntityBinder:530 ] - Bind entity org.crimenetwork.oracle.entity.suspect.CurrentState on table current_state
[0115 15:02:51 INFO ] [main--org.hibernate.cfg.AnnotationBinder:532 ] - Binding entity from annotated class: org.crimenetwork.oracle.entity.suspect.Gender
[0115 15:02:51 INFO ] [main--org.hibernate.cfg.annotations.EntityBinder:530 ] - Bind entity org.crimenetwork.oracle.entity.suspect.Gender on table gender
[0115 15:02:51 INFO ] [main--org.hibernate.cfg.AnnotationBinder:532 ] - Binding entity from annotated class: org.crimenetwork.oracle.entity.suspect.Nation
[0115 15:02:51 INFO ] [main--org.hibernate.cfg.annotations.EntityBinder:530 ] - Bind entity org.crimenetwork.oracle.entity.suspect.Nation on table nation
[0115 15:02:51 INFO ] [main--org.hibernate.cfg.AnnotationBinder:532 ] - Binding entity from annotated class: org.crimenetwork.oracle.entity.suspect.Occupation
[0115 15:02:51 INFO ] [main--org.hibernate.cfg.annotations.EntityBinder:530 ] - Bind entity org.crimenetwork.oracle.entity.suspect.Occupation on table occupation
[0115 15:02:51 INFO ] [main--org.hibernate.cfg.AnnotationBinder:532 ] - Binding entity from annotated class: org.crimenetwork.oracle.entity.suspect.SuspectBaseInfo
[0115 15:02:51 INFO ] [main--org.hibernate.cfg.annotations.EntityBinder:530 ] - Bind entity org.crimenetwork.oracle.entity.suspect.SuspectBaseInfo on table suspect_info
[0115 15:02:52 INFO ] [main--org.hibernate.cfg.annotations.CollectionBinder:762 ] - Mapping collection: org.crimenetwork.oracle.entity.currency.CurrencyType.jiabiBaseInfos -> jiabi_base_info
[0115 15:02:52 INFO ] [main--org.hibernate.cfg.annotations.CollectionBinder:762 ] - Mapping collection: org.crimenetwork.oracle.entity.currency.JiabiBaseInfo.jiabiBasePics -> jiabi_base_pic
[0115 15:02:52 INFO ] [main--org.hibernate.cfg.annotations.CollectionBinder:762 ] - Mapping collection: org.crimenetwork.oracle.entity.currency.JiabiBaseInfo.jiabiExtendInfos -> jiabi_extend_info
[0115 15:02:52 INFO ] [main--org.hibernate.cfg.annotations.CollectionBinder:762 ] - Mapping collection: org.crimenetwork.oracle.entity.jiabisim.SimDenominationType.jiabiBaseInfos -> jiabi_base_info
[0115 15:02:52 INFO ] [main--org.hibernate.cfg.annotations.CollectionBinder:762 ] - Mapping collection: org.crimenetwork.oracle.entity.jiabisim.SimJiabiBaseInfo.jiabiBasePics -> jiabi_base_pic
[0115 15:02:52 INFO ] [main--org.hibernate.cfg.annotations.CollectionBinder:762 ] - Mapping collection: org.crimenetwork.oracle.entity.suspect.Nation.suspectInfos -> suspect_info
[0115 15:02:52 INFO ] [main--org.hibernate.cfg.Configuration:1676 ] - Hibernate Validator not found: ignoring
[0115 15:02:52 INFO ] [main--org.hibernate.cfg.search.HibernateSearchEventListenerRegister:75 ] - Unable to find org.hibernate.search.event.FullTextIndexEventListener on the classpath. Hibernate Search is not enabled.
[0115 15:02:52 INFO ] [main--org.hibernate.connection.ConnectionProviderFactory:173 ] - Initializing connection provider: org.hibernate.ejb.connection.InjectedDataSourceConnectionProvider
[0115 15:02:52 INFO ] [main--org.hibernate.ejb.connection.InjectedDataSourceConnectionProvider:62 ] - Using provided datasource
[0115 15:02:52 INFO ] [main--org.hibernate.dialect.Dialect:136 ] - Using dialect: org.hibernate.dialect.OracleDialect
[0115 15:02:52 WARN ] [main--org.hibernate.dialect.Oracle9Dialect:60 ] - The Oracle9Dialect dialect has been deprecated; use either Oracle9iDialect or Oracle10gDialect instead
[0115 15:02:52 WARN ] [main--org.hibernate.dialect.OracleDialect:48 ] - The OracleDialect dialect has been deprecated; use Oracle8iDialect instead
[0115 15:02:52 INFO ] [main--org.hibernate.cfg.SettingsFactory:126 ] - Database ->
       name : Oracle
    version : Oracle Database 11g Enterprise Edition Release 11.1.0.6.0 - Production
With the Partitioning, OLAP, Data Mining and Real Application Testing options
      major : 11
      minor : 1
[0115 15:02:52 INFO ] [main--org.hibernate.cfg.SettingsFactory:132 ] - Driver ->
       name : Oracle JDBC driver
    version : 11.2.0.1.0
      major : 11
      minor : 2
[0115 15:02:52 INFO ] [main--org.hibernate.transaction.TransactionFactoryFactory:62 ] - Using default transaction strategy (direct JDBC transactions)
[0115 15:02:52 INFO ] [main--org.hibernate.transaction.TransactionManagerLookupFactory:83 ] - No TransactionManagerLookup configured (in JTA environment, use of read-write or transactional second-level cache is not recommended)
[0115 15:02:52 INFO ] [main--org.hibernate.cfg.SettingsFactory:179 ] - Automatic flush during beforeCompletion(): disabled
[0115 15:02:52 INFO ] [main--org.hibernate.cfg.SettingsFactory:183 ] - Automatic session close at end of transaction: disabled
[0115 15:02:52 INFO ] [main--org.hibernate.cfg.SettingsFactory:190 ] - JDBC batch size: 15
[0115 15:02:52 INFO ] [main--org.hibernate.cfg.SettingsFactory:193 ] - JDBC batch updates for versioned data: disabled
[0115 15:02:52 INFO ] [main--org.hibernate.cfg.SettingsFactory:198 ] - Scrollable result sets: enabled
[0115 15:02:52 INFO ] [main--org.hibernate.cfg.SettingsFactory:206 ] - JDBC3 getGeneratedKeys(): disabled
[0115 15:02:52 INFO ] [main--org.hibernate.cfg.SettingsFactory:214 ] - Connection release mode: auto
[0115 15:02:52 INFO ] [main--org.hibernate.cfg.SettingsFactory:241 ] - Default batch fetch size: 1
[0115 15:02:52 INFO ] [main--org.hibernate.cfg.SettingsFactory:245 ] - Generate SQL with comments: disabled
[0115 15:02:52 INFO ] [main--org.hibernate.cfg.SettingsFactory:249 ] - Order SQL updates by primary key: disabled
[0115 15:02:52 INFO ] [main--org.hibernate.cfg.SettingsFactory:253 ] - Order SQL inserts for batching: disabled
[0115 15:02:52 INFO ] [main--org.hibernate.cfg.SettingsFactory:431 ] - Query translator: org.hibernate.hql.ast.ASTQueryTranslatorFactory
[0115 15:02:52 INFO ] [main--org.hibernate.hql.ast.ASTQueryTranslatorFactory:47 ] - Using ASTQueryTranslatorFactory
[0115 15:02:52 INFO ] [main--org.hibernate.cfg.SettingsFactory:261 ] - Query language substitutions: {}
[0115 15:02:52 INFO ] [main--org.hibernate.cfg.SettingsFactory:266 ] - JPA-QL strict compliance: enabled
[0115 15:02:52 INFO ] [main--org.hibernate.cfg.SettingsFactory:271 ] - Second-level cache: enabled
[0115 15:02:52 INFO ] [main--org.hibernate.cfg.SettingsFactory:275 ] - Query cache: disabled
[0115 15:02:52 INFO ] [main--org.hibernate.cfg.SettingsFactory:406 ] - Cache region factory : org.hibernate.cache.impl.NoCachingRegionFactory
[0115 15:02:52 INFO ] [main--org.hibernate.cfg.SettingsFactory:285 ] - Optimize cache for minimal puts: disabled
[0115 15:02:52 INFO ] [main--org.hibernate.cfg.SettingsFactory:294 ] - Structured second-level cache entries: disabled
[0115 15:02:52 INFO ] [main--org.hibernate.cfg.SettingsFactory:323 ] - Statistics: disabled
[0115 15:02:52 INFO ] [main--org.hibernate.cfg.SettingsFactory:327 ] - Deleted entity synthetic identifier rollback: disabled
[0115 15:02:52 INFO ] [main--org.hibernate.cfg.SettingsFactory:343 ] - Default entity-mode: pojo
[0115 15:02:52 INFO ] [main--org.hibernate.cfg.SettingsFactory:347 ] - Named query checking : enabled
[0115 15:02:52 INFO ] [main--org.hibernate.cfg.SettingsFactory:351 ] - Check Nullability in Core (should be disabled when Bean Validation is on): enabled
[0115 15:02:52 INFO ] [main--org.hibernate.impl.SessionFactoryImpl:202 ] - building session factory
[0115 15:02:52 INFO ] [main--org.hibernate.type.BasicTypeRegistry:150 ] - Type registration [clob] overrides previous : org.hibernate.type.ClobType@aeddb5
[0115 15:02:52 INFO ] [main--org.hibernate.type.BasicTypeRegistry:150 ] - Type registration [java.sql.Clob] overrides previous : org.hibernate.type.ClobType@aeddb5
[0115 15:02:52 INFO ] [main--org.hibernate.type.BasicTypeRegistry:150 ] - Type registration [blob] overrides previous : org.hibernate.type.BlobType@1ed0884
[0115 15:02:52 INFO ] [main--org.hibernate.type.BasicTypeRegistry:150 ] - Type registration [java.sql.Blob] overrides previous : org.hibernate.type.BlobType@1ed0884
[0115 15:02:52 INFO ] [main--org.hibernate.type.BasicTypeRegistry:150 ] - Type registration [wrapper_materialized_blob] overrides previous : org.hibernate.type.WrappedMaterializedBlobType@18f3997
[0115 15:02:52 INFO ] [main--org.hibernate.type.BasicTypeRegistry:150 ] - Type registration [materialized_clob] overrides previous : org.hibernate.type.MaterializedClobType@1e55c09
[0115 15:02:52 INFO ] [main--org.hibernate.type.BasicTypeRegistry:150 ] - Type registration [characters_clob] overrides previous : org.hibernate.type.PrimitiveCharacterArrayClobType@1332124
[0115 15:02:52 INFO ] [main--org.hibernate.type.BasicTypeRegistry:150 ] - Type registration [materialized_blob] overrides previous : org.hibernate.type.MaterializedBlobType@18450f0
[0115 15:02:52 INFO ] [main--org.hibernate.type.BasicTypeRegistry:150 ] - Type registration [wrapper_characters_clob] overrides previous : org.hibernate.type.CharacterArrayClobType@1ccc078
[0115 15:02:53 INFO ] [main--org.hibernate.impl.SessionFactoryObjectFactory:105 ] - Not binding factory to JNDI, no JNDI name configured
[0115 15:02:53 WARN ] [main--org.springframework.context.support.ClassPathXmlApplicationContext:546 ] - Exception encountered during context initialization - cancelling refresh attempt: org.springframework.beans.factory.BeanCreationException: Error creating bean with name 'suspectBaseDao': Invocation of init method failed; nested exception is java.lang.AbstractMethodError: org.springframework.data.repository.core.support.RepositoryFactorySupport.getTargetRepository(Lorg/springframework/data/repository/core/RepositoryInformation;)Ljava/lang/Object;
[0115 15:02:53 INFO ] [main--org.springframework.orm.jpa.LocalContainerEntityManagerFactoryBean:441 ] - Closing JPA EntityManagerFactory for persistence unit 'default'
[0115 15:02:53 INFO ] [main--org.hibernate.impl.SessionFactoryImpl:927 ] - closing
[0115 15:06:48 INFO ] [main--org.springframework.context.support.ClassPathXmlApplicationContext:578 ] - Refreshing org.springframework.context.support.ClassPathXmlApplicationContext@bfa709: startup date [Fri Jan 15 15:06:48 CST 2016]; root of context hierarchy
[0115 15:06:48 INFO ] [main--org.springframework.beans.factory.xml.XmlBeanDefinitionReader:317 ] - Loading XML bean definitions from class path resource [currencysim/applicationContext.xml]
[0115 15:06:48 INFO ] [main--org.springframework.beans.factory.xml.XmlBeanDefinitionReader:317 ] - Loading XML bean definitions from URL [file:/E:/Github/crimenetwork/crimenetwork-oracle/target/classes/database/oracle/datasourse.xml]
[0115 15:06:48 INFO ] [main--org.springframework.orm.jpa.LocalContainerEntityManagerFactoryBean:339 ] - Building JPA container EntityManagerFactory for persistence unit 'default'
[0115 15:06:49 INFO ] [main--org.hibernate.annotations.common.Version:37 ] - Hibernate Commons Annotations 3.2.0.Final
[0115 15:06:49 INFO ] [main--org.hibernate.cfg.Environment:603 ] - Hibernate 3.6.10.Final
[0115 15:06:49 INFO ] [main--org.hibernate.cfg.Environment:636 ] - hibernate.properties not found
[0115 15:06:49 INFO ] [main--org.hibernate.cfg.Environment:814 ] - Bytecode provider name : javassist
[0115 15:06:49 INFO ] [main--org.hibernate.cfg.Environment:695 ] - using JDK 1.4 java.sql.Timestamp handling
[0115 15:06:49 INFO ] [main--org.hibernate.ejb.Version:42 ] - Hibernate EntityManager 3.6.10.Final
[0115 15:06:49 INFO ] [main--org.hibernate.cfg.AnnotationBinder:532 ] - Binding entity from annotated class: org.crimenetwork.oracle.entity.cases.CaseBaseInfo
[0115 15:06:49 INFO ] [main--org.hibernate.cfg.annotations.EntityBinder:530 ] - Bind entity org.crimenetwork.oracle.entity.cases.CaseBaseInfo on table case_info
[0115 15:06:49 INFO ] [main--org.hibernate.cfg.AnnotationBinder:532 ] - Binding entity from annotated class: org.crimenetwork.oracle.entity.currency.CategoryType
[0115 15:06:49 INFO ] [main--org.hibernate.cfg.annotations.EntityBinder:530 ] - Bind entity org.crimenetwork.oracle.entity.currency.CategoryType on table jiabi_category_type
[0115 15:06:49 INFO ] [main--org.hibernate.cfg.AnnotationBinder:532 ] - Binding entity from annotated class: org.crimenetwork.oracle.entity.currency.ClassificationNumber
[0115 15:06:49 INFO ] [main--org.hibernate.cfg.annotations.EntityBinder:530 ] - Bind entity org.crimenetwork.oracle.entity.currency.ClassificationNumber on table Jiabi_identify
[0115 15:06:49 INFO ] [main--org.hibernate.cfg.AnnotationBinder:532 ] - Binding entity from annotated class: org.crimenetwork.oracle.entity.currency.CurrencyCharacterTrain
[0115 15:06:49 INFO ] [main--org.hibernate.cfg.annotations.EntityBinder:530 ] - Bind entity org.crimenetwork.oracle.entity.currency.CurrencyCharacterTrain on table currency_character_train
[0115 15:06:49 INFO ] [main--org.hibernate.cfg.AnnotationBinder:532 ] - Binding entity from annotated class: org.crimenetwork.oracle.entity.currency.CurrencyType
[0115 15:06:49 INFO ] [main--org.hibernate.cfg.annotations.EntityBinder:530 ] - Bind entity org.crimenetwork.oracle.entity.currency.CurrencyType on table currency_type
[0115 15:06:49 INFO ] [main--org.hibernate.cfg.AnnotationBinder:532 ] - Binding entity from annotated class: org.crimenetwork.oracle.entity.currency.DataFrom
[0115 15:06:49 INFO ] [main--org.hibernate.cfg.annotations.EntityBinder:530 ] - Bind entity org.crimenetwork.oracle.entity.currency.DataFrom on table data_from
[0115 15:06:49 INFO ] [main--org.hibernate.cfg.AnnotationBinder:532 ] - Binding entity from annotated class: org.crimenetwork.oracle.entity.currency.DenominationType
[0115 15:06:49 INFO ] [main--org.hibernate.cfg.annotations.EntityBinder:530 ] - Bind entity org.crimenetwork.oracle.entity.currency.DenominationType on table jiabi_denomination_type
[0115 15:06:49 INFO ] [main--org.hibernate.cfg.AnnotationBinder:532 ] - Binding entity from annotated class: org.crimenetwork.oracle.entity.currency.ForgeType
[0115 15:06:49 INFO ] [main--org.hibernate.cfg.annotations.EntityBinder:530 ] - Bind entity org.crimenetwork.oracle.entity.currency.ForgeType on table forge_type
[0115 15:06:49 INFO ] [main--org.hibernate.cfg.AnnotationBinder:532 ] - Binding entity from annotated class: org.crimenetwork.oracle.entity.currency.JiabiBaseInfo
[0115 15:06:49 INFO ] [main--org.hibernate.cfg.annotations.EntityBinder:530 ] - Bind entity org.crimenetwork.oracle.entity.currency.JiabiBaseInfo on table jiabi_base_info
[0115 15:06:49 INFO ] [main--org.hibernate.cfg.AnnotationBinder:532 ] - Binding entity from annotated class: org.crimenetwork.oracle.entity.currency.JiabiBasePic
[0115 15:06:49 INFO ] [main--org.hibernate.cfg.annotations.EntityBinder:530 ] - Bind entity org.crimenetwork.oracle.entity.currency.JiabiBasePic on table jiabi_base_pic
[0115 15:06:49 INFO ] [main--org.hibernate.cfg.AnnotationBinder:532 ] - Binding entity from annotated class: org.crimenetwork.oracle.entity.currency.JiabiExtendInfo
[0115 15:06:49 INFO ] [main--org.hibernate.cfg.annotations.EntityBinder:530 ] - Bind entity org.crimenetwork.oracle.entity.currency.JiabiExtendInfo on table jiabi_extend_info
[0115 15:06:49 INFO ] [main--org.hibernate.cfg.AnnotationBinder:532 ] - Binding entity from annotated class: org.crimenetwork.oracle.entity.currency.PicType
[0115 15:06:49 INFO ] [main--org.hibernate.cfg.annotations.EntityBinder:530 ] - Bind entity org.crimenetwork.oracle.entity.currency.PicType on table pic_type
[0115 15:06:49 INFO ] [main--org.hibernate.cfg.AnnotationBinder:532 ] - Binding entity from annotated class: org.crimenetwork.oracle.entity.currency.VersionType
[0115 15:06:49 INFO ] [main--org.hibernate.cfg.annotations.EntityBinder:530 ] - Bind entity org.crimenetwork.oracle.entity.currency.VersionType on table jiabi_version_type
[0115 15:06:49 INFO ] [main--org.hibernate.cfg.AnnotationBinder:532 ] - Binding entity from annotated class: org.crimenetwork.oracle.entity.jiabisim.SimDenominationType
[0115 15:06:49 INFO ] [main--org.hibernate.cfg.annotations.EntityBinder:530 ] - Bind entity org.crimenetwork.oracle.entity.jiabisim.SimDenominationType on table jiabi_denomination_type
[0115 15:06:49 INFO ] [main--org.hibernate.cfg.AnnotationBinder:532 ] - Binding entity from annotated class: org.crimenetwork.oracle.entity.jiabisim.SimJiabiBaseInfo
[0115 15:06:49 INFO ] [main--org.hibernate.cfg.annotations.EntityBinder:530 ] - Bind entity org.crimenetwork.oracle.entity.jiabisim.SimJiabiBaseInfo on table jiabi_base_info
[0115 15:06:49 INFO ] [main--org.hibernate.cfg.AnnotationBinder:532 ] - Binding entity from annotated class: org.crimenetwork.oracle.entity.share.ContinentCode
[0115 15:06:49 INFO ] [main--org.hibernate.cfg.annotations.EntityBinder:530 ] - Bind entity org.crimenetwork.oracle.entity.share.ContinentCode on table continent_code
[0115 15:06:49 INFO ] [main--org.hibernate.cfg.AnnotationBinder:532 ] - Binding entity from annotated class: org.crimenetwork.oracle.entity.share.CountryCode
[0115 15:06:49 INFO ] [main--org.hibernate.cfg.annotations.EntityBinder:530 ] - Bind entity org.crimenetwork.oracle.entity.share.CountryCode on table country_code
[0115 15:06:49 INFO ] [main--org.hibernate.cfg.AnnotationBinder:532 ] - Binding entity from annotated class: org.crimenetwork.oracle.entity.share.EduLevel
[0115 15:06:49 INFO ] [main--org.hibernate.cfg.annotations.EntityBinder:530 ] - Bind entity org.crimenetwork.oracle.entity.share.EduLevel on table edu_level
[0115 15:06:49 INFO ] [main--org.hibernate.cfg.AnnotationBinder:532 ] - Binding entity from annotated class: org.crimenetwork.oracle.entity.share.Location
[0115 15:06:49 INFO ] [main--org.hibernate.cfg.annotations.EntityBinder:530 ] - Bind entity org.crimenetwork.oracle.entity.share.Location on table location_code
[0115 15:06:49 INFO ] [main--org.hibernate.cfg.AnnotationBinder:532 ] - Binding entity from annotated class: org.crimenetwork.oracle.entity.share.LocationCode
[0115 15:06:49 INFO ] [main--org.hibernate.cfg.annotations.EntityBinder:530 ] - Bind entity org.crimenetwork.oracle.entity.share.LocationCode on table location_code
[0115 15:06:49 INFO ] [main--org.hibernate.cfg.AnnotationBinder:532 ] - Binding entity from annotated class: org.crimenetwork.oracle.entity.share.ProcessMode
[0115 15:06:49 INFO ] [main--org.hibernate.cfg.annotations.EntityBinder:530 ] - Bind entity org.crimenetwork.oracle.entity.share.ProcessMode on table process_mode
[0115 15:06:49 INFO ] [main--org.hibernate.cfg.AnnotationBinder:532 ] - Binding entity from annotated class: org.crimenetwork.oracle.entity.share.Sif
[0115 15:06:49 INFO ] [main--org.hibernate.cfg.annotations.EntityBinder:530 ] - Bind entity org.crimenetwork.oracle.entity.share.Sif on table SIF
[0115 15:06:49 INFO ] [main--org.hibernate.cfg.AnnotationBinder:532 ] - Binding entity from annotated class: org.crimenetwork.oracle.entity.share.UserInfo
[0115 15:06:49 INFO ] [main--org.hibernate.cfg.annotations.EntityBinder:530 ] - Bind entity org.crimenetwork.oracle.entity.share.UserInfo on table user_info
[0115 15:06:49 INFO ] [main--org.hibernate.cfg.AnnotationBinder:532 ] - Binding entity from annotated class: org.crimenetwork.oracle.entity.suspect.CurrentState
[0115 15:06:49 INFO ] [main--org.hibernate.cfg.annotations.EntityBinder:530 ] - Bind entity org.crimenetwork.oracle.entity.suspect.CurrentState on table current_state
[0115 15:06:49 INFO ] [main--org.hibernate.cfg.AnnotationBinder:532 ] - Binding entity from annotated class: org.crimenetwork.oracle.entity.suspect.Gender
[0115 15:06:49 INFO ] [main--org.hibernate.cfg.annotations.EntityBinder:530 ] - Bind entity org.crimenetwork.oracle.entity.suspect.Gender on table gender
[0115 15:06:49 INFO ] [main--org.hibernate.cfg.AnnotationBinder:532 ] - Binding entity from annotated class: org.crimenetwork.oracle.entity.suspect.Nation
[0115 15:06:49 INFO ] [main--org.hibernate.cfg.annotations.EntityBinder:530 ] - Bind entity org.crimenetwork.oracle.entity.suspect.Nation on table nation
[0115 15:06:49 INFO ] [main--org.hibernate.cfg.AnnotationBinder:532 ] - Binding entity from annotated class: org.crimenetwork.oracle.entity.suspect.Occupation
[0115 15:06:49 INFO ] [main--org.hibernate.cfg.annotations.EntityBinder:530 ] - Bind entity org.crimenetwork.oracle.entity.suspect.Occupation on table occupation
[0115 15:06:49 INFO ] [main--org.hibernate.cfg.AnnotationBinder:532 ] - Binding entity from annotated class: org.crimenetwork.oracle.entity.suspect.SuspectBaseInfo
[0115 15:06:49 INFO ] [main--org.hibernate.cfg.annotations.EntityBinder:530 ] - Bind entity org.crimenetwork.oracle.entity.suspect.SuspectBaseInfo on table suspect_info
[0115 15:06:49 INFO ] [main--org.hibernate.cfg.annotations.CollectionBinder:762 ] - Mapping collection: org.crimenetwork.oracle.entity.currency.CurrencyType.jiabiBaseInfos -> jiabi_base_info
[0115 15:06:49 INFO ] [main--org.hibernate.cfg.annotations.CollectionBinder:762 ] - Mapping collection: org.crimenetwork.oracle.entity.currency.JiabiBaseInfo.jiabiBasePics -> jiabi_base_pic
[0115 15:06:49 INFO ] [main--org.hibernate.cfg.annotations.CollectionBinder:762 ] - Mapping collection: org.crimenetwork.oracle.entity.currency.JiabiBaseInfo.jiabiExtendInfos -> jiabi_extend_info
[0115 15:06:49 INFO ] [main--org.hibernate.cfg.annotations.CollectionBinder:762 ] - Mapping collection: org.crimenetwork.oracle.entity.jiabisim.SimDenominationType.jiabiBaseInfos -> jiabi_base_info
[0115 15:06:49 INFO ] [main--org.hibernate.cfg.annotations.CollectionBinder:762 ] - Mapping collection: org.crimenetwork.oracle.entity.jiabisim.SimJiabiBaseInfo.jiabiBasePics -> jiabi_base_pic
[0115 15:06:49 INFO ] [main--org.hibernate.cfg.annotations.CollectionBinder:762 ] - Mapping collection: org.crimenetwork.oracle.entity.suspect.Nation.suspectInfos -> suspect_info
[0115 15:06:49 INFO ] [main--org.hibernate.cfg.Configuration:1676 ] - Hibernate Validator not found: ignoring
[0115 15:06:49 INFO ] [main--org.hibernate.cfg.search.HibernateSearchEventListenerRegister:75 ] - Unable to find org.hibernate.search.event.FullTextIndexEventListener on the classpath. Hibernate Search is not enabled.
[0115 15:06:49 INFO ] [main--org.hibernate.connection.ConnectionProviderFactory:173 ] - Initializing connection provider: org.hibernate.ejb.connection.InjectedDataSourceConnectionProvider
[0115 15:06:49 INFO ] [main--org.hibernate.ejb.connection.InjectedDataSourceConnectionProvider:62 ] - Using provided datasource
[0115 15:06:50 INFO ] [main--org.hibernate.dialect.Dialect:136 ] - Using dialect: org.hibernate.dialect.OracleDialect
[0115 15:06:50 WARN ] [main--org.hibernate.dialect.Oracle9Dialect:60 ] - The Oracle9Dialect dialect has been deprecated; use either Oracle9iDialect or Oracle10gDialect instead
[0115 15:06:50 WARN ] [main--org.hibernate.dialect.OracleDialect:48 ] - The OracleDialect dialect has been deprecated; use Oracle8iDialect instead
[0115 15:06:50 INFO ] [main--org.hibernate.cfg.SettingsFactory:126 ] - Database ->
       name : Oracle
    version : Oracle Database 11g Enterprise Edition Release 11.1.0.6.0 - Production
With the Partitioning, OLAP, Data Mining and Real Application Testing options
      major : 11
      minor : 1
[0115 15:06:50 INFO ] [main--org.hibernate.cfg.SettingsFactory:132 ] - Driver ->
       name : Oracle JDBC driver
    version : 11.2.0.1.0
      major : 11
      minor : 2
[0115 15:06:50 INFO ] [main--org.hibernate.transaction.TransactionFactoryFactory:62 ] - Using default transaction strategy (direct JDBC transactions)
[0115 15:06:50 INFO ] [main--org.hibernate.transaction.TransactionManagerLookupFactory:83 ] - No TransactionManagerLookup configured (in JTA environment, use of read-write or transactional second-level cache is not recommended)
[0115 15:06:50 INFO ] [main--org.hibernate.cfg.SettingsFactory:179 ] - Automatic flush during beforeCompletion(): disabled
[0115 15:06:50 INFO ] [main--org.hibernate.cfg.SettingsFactory:183 ] - Automatic session close at end of transaction: disabled
[0115 15:06:50 INFO ] [main--org.hibernate.cfg.SettingsFactory:190 ] - JDBC batch size: 15
[0115 15:06:50 INFO ] [main--org.hibernate.cfg.SettingsFactory:193 ] - JDBC batch updates for versioned data: disabled
[0115 15:06:50 INFO ] [main--org.hibernate.cfg.SettingsFactory:198 ] - Scrollable result sets: enabled
[0115 15:06:50 INFO ] [main--org.hibernate.cfg.SettingsFactory:206 ] - JDBC3 getGeneratedKeys(): disabled
[0115 15:06:50 INFO ] [main--org.hibernate.cfg.SettingsFactory:214 ] - Connection release mode: auto
[0115 15:06:50 INFO ] [main--org.hibernate.cfg.SettingsFactory:241 ] - Default batch fetch size: 1
[0115 15:06:50 INFO ] [main--org.hibernate.cfg.SettingsFactory:245 ] - Generate SQL with comments: disabled
[0115 15:06:50 INFO ] [main--org.hibernate.cfg.SettingsFactory:249 ] - Order SQL updates by primary key: disabled
[0115 15:06:50 INFO ] [main--org.hibernate.cfg.SettingsFactory:253 ] - Order SQL inserts for batching: disabled
[0115 15:06:50 INFO ] [main--org.hibernate.cfg.SettingsFactory:431 ] - Query translator: org.hibernate.hql.ast.ASTQueryTranslatorFactory
[0115 15:06:50 INFO ] [main--org.hibernate.hql.ast.ASTQueryTranslatorFactory:47 ] - Using ASTQueryTranslatorFactory
[0115 15:06:50 INFO ] [main--org.hibernate.cfg.SettingsFactory:261 ] - Query language substitutions: {}
[0115 15:06:50 INFO ] [main--org.hibernate.cfg.SettingsFactory:266 ] - JPA-QL strict compliance: enabled
[0115 15:06:50 INFO ] [main--org.hibernate.cfg.SettingsFactory:271 ] - Second-level cache: enabled
[0115 15:06:50 INFO ] [main--org.hibernate.cfg.SettingsFactory:275 ] - Query cache: disabled
[0115 15:06:50 INFO ] [main--org.hibernate.cfg.SettingsFactory:406 ] - Cache region factory : org.hibernate.cache.impl.NoCachingRegionFactory
[0115 15:06:50 INFO ] [main--org.hibernate.cfg.SettingsFactory:285 ] - Optimize cache for minimal puts: disabled
[0115 15:06:50 INFO ] [main--org.hibernate.cfg.SettingsFactory:294 ] - Structured second-level cache entries: disabled
[0115 15:06:50 INFO ] [main--org.hibernate.cfg.SettingsFactory:323 ] - Statistics: disabled
[0115 15:06:50 INFO ] [main--org.hibernate.cfg.SettingsFactory:327 ] - Deleted entity synthetic identifier rollback: disabled
[0115 15:06:50 INFO ] [main--org.hibernate.cfg.SettingsFactory:343 ] - Default entity-mode: pojo
[0115 15:06:50 INFO ] [main--org.hibernate.cfg.SettingsFactory:347 ] - Named query checking : enabled
[0115 15:06:50 INFO ] [main--org.hibernate.cfg.SettingsFactory:351 ] - Check Nullability in Core (should be disabled when Bean Validation is on): enabled
[0115 15:06:50 INFO ] [main--org.hibernate.impl.SessionFactoryImpl:202 ] - building session factory
[0115 15:06:50 INFO ] [main--org.hibernate.type.BasicTypeRegistry:150 ] - Type registration [blob] overrides previous : org.hibernate.type.BlobType@1f7f557
[0115 15:06:50 INFO ] [main--org.hibernate.type.BasicTypeRegistry:150 ] - Type registration [java.sql.Blob] overrides previous : org.hibernate.type.BlobType@1f7f557
[0115 15:06:50 INFO ] [main--org.hibernate.type.BasicTypeRegistry:150 ] - Type registration [characters_clob] overrides previous : org.hibernate.type.PrimitiveCharacterArrayClobType@a051f4
[0115 15:06:50 INFO ] [main--org.hibernate.type.BasicTypeRegistry:150 ] - Type registration [clob] overrides previous : org.hibernate.type.ClobType@1ca04a1
[0115 15:06:50 INFO ] [main--org.hibernate.type.BasicTypeRegistry:150 ] - Type registration [java.sql.Clob] overrides previous : org.hibernate.type.ClobType@1ca04a1
[0115 15:06:50 INFO ] [main--org.hibernate.type.BasicTypeRegistry:150 ] - Type registration [materialized_clob] overrides previous : org.hibernate.type.MaterializedClobType@a44891
[0115 15:06:50 INFO ] [main--org.hibernate.type.BasicTypeRegistry:150 ] - Type registration [materialized_blob] overrides previous : org.hibernate.type.MaterializedBlobType@1e15664
[0115 15:06:50 INFO ] [main--org.hibernate.type.BasicTypeRegistry:150 ] - Type registration [wrapper_materialized_blob] overrides previous : org.hibernate.type.WrappedMaterializedBlobType@1887b7
[0115 15:06:50 INFO ] [main--org.hibernate.type.BasicTypeRegistry:150 ] - Type registration [wrapper_characters_clob] overrides previous : org.hibernate.type.CharacterArrayClobType@1db4ce5
[0115 15:06:50 INFO ] [main--org.hibernate.impl.SessionFactoryObjectFactory:105 ] - Not binding factory to JNDI, no JNDI name configured
