[0107 17:35:40 INFO ] [main--org.springframework.context.support.ClassPathXmlApplicationContext:515 ] - Refreshing org.springframework.context.support.ClassPathXmlApplicationContext@d26103: startup date [Thu Jan 07 17:35:40 CST 2016]; root of context hierarchy
[0107 17:35:40 INFO ] [main--org.springframework.beans.factory.xml.XmlBeanDefinitionReader:316 ] - Loading XML bean definitions from class path resource [currencysim/applicationContext.xml]
[0107 17:35:40 INFO ] [main--org.springframework.beans.factory.xml.XmlBeanDefinitionReader:316 ] - Loading XML bean definitions from URL [file:/E:/Github/crimenetwork/crimenetwork-oracle/target/classes/database/oracle/datasourse.xml]
[0107 17:35:40 INFO ] [main--org.springframework.beans.factory.support.DefaultListableBeanFactory:754 ] - Overriding bean definition for bean 'denominationTypeDao': replacing [Root bean: class [org.springframework.data.jpa.repository.support.JpaRepositoryFactoryBean]; scope=; abstract=false; lazyInit=false; autowireMode=0; dependencyCheck=0; autowireCandidate=true; primary=false; factoryBeanName=null; factoryMethodName=null; initMethodName=null; destroyMethodName=null] with [Root bean: class [org.springframework.data.jpa.repository.support.JpaRepositoryFactoryBean]; scope=; abstract=false; lazyInit=false; autowireMode=0; dependencyCheck=0; autowireCandidate=true; primary=false; factoryBeanName=null; factoryMethodName=null; initMethodName=null; destroyMethodName=null]
[0107 17:35:40 INFO ] [main--org.springframework.beans.factory.support.DefaultListableBeanFactory:754 ] - Overriding bean definition for bean 'simJiabiBaseDao': replacing [Root bean: class [org.springframework.data.jpa.repository.support.JpaRepositoryFactoryBean]; scope=; abstract=false; lazyInit=false; autowireMode=0; dependencyCheck=0; autowireCandidate=true; primary=false; factoryBeanName=null; factoryMethodName=null; initMethodName=null; destroyMethodName=null] with [Root bean: class [org.springframework.data.jpa.repository.support.JpaRepositoryFactoryBean]; scope=; abstract=false; lazyInit=false; autowireMode=0; dependencyCheck=0; autowireCandidate=true; primary=false; factoryBeanName=null; factoryMethodName=null; initMethodName=null; destroyMethodName=null]
[0107 17:35:40 INFO ] [main--org.springframework.beans.factory.support.DefaultListableBeanFactory:754 ] - Overriding bean definition for bean 'suspectBaseDao': replacing [Root bean: class [org.springframework.data.jpa.repository.support.JpaRepositoryFactoryBean]; scope=; abstract=false; lazyInit=false; autowireMode=0; dependencyCheck=0; autowireCandidate=true; primary=false; factoryBeanName=null; factoryMethodName=null; initMethodName=null; destroyMethodName=null] with [Root bean: class [org.springframework.data.jpa.repository.support.JpaRepositoryFactoryBean]; scope=; abstract=false; lazyInit=false; autowireMode=0; dependencyCheck=0; autowireCandidate=true; primary=false; factoryBeanName=null; factoryMethodName=null; initMethodName=null; destroyMethodName=null]
[0107 17:35:40 INFO ] [main--org.springframework.beans.factory.support.DefaultListableBeanFactory:754 ] - Overriding bean definition for bean 'jiabiBaseDao': replacing [Root bean: class [org.springframework.data.jpa.repository.support.JpaRepositoryFactoryBean]; scope=; abstract=false; lazyInit=false; autowireMode=0; dependencyCheck=0; autowireCandidate=true; primary=false; factoryBeanName=null; factoryMethodName=null; initMethodName=null; destroyMethodName=null] with [Root bean: class [org.springframework.data.jpa.repository.support.JpaRepositoryFactoryBean]; scope=; abstract=false; lazyInit=false; autowireMode=0; dependencyCheck=0; autowireCandidate=true; primary=false; factoryBeanName=null; factoryMethodName=null; initMethodName=null; destroyMethodName=null]
[0107 17:35:40 INFO ] [main--org.springframework.beans.factory.support.DefaultListableBeanFactory:754 ] - Overriding bean definition for bean 'simDenominationTypeDao': replacing [Root bean: class [org.springframework.data.jpa.repository.support.JpaRepositoryFactoryBean]; scope=; abstract=false; lazyInit=false; autowireMode=0; dependencyCheck=0; autowireCandidate=true; primary=false; factoryBeanName=null; factoryMethodName=null; initMethodName=null; destroyMethodName=null] with [Root bean: class [org.springframework.data.jpa.repository.support.JpaRepositoryFactoryBean]; scope=; abstract=false; lazyInit=false; autowireMode=0; dependencyCheck=0; autowireCandidate=true; primary=false; factoryBeanName=null; factoryMethodName=null; initMethodName=null; destroyMethodName=null]
[0107 17:35:40 INFO ] [main--org.springframework.beans.factory.support.DefaultListableBeanFactory:754 ] - Overriding bean definition for bean 'caseBaseDao': replacing [Root bean: class [org.springframework.data.jpa.repository.support.JpaRepositoryFactoryBean]; scope=; abstract=false; lazyInit=false; autowireMode=0; dependencyCheck=0; autowireCandidate=true; primary=false; factoryBeanName=null; factoryMethodName=null; initMethodName=null; destroyMethodName=null] with [Root bean: class [org.springframework.data.jpa.repository.support.JpaRepositoryFactoryBean]; scope=; abstract=false; lazyInit=false; autowireMode=0; dependencyCheck=0; autowireCandidate=true; primary=false; factoryBeanName=null; factoryMethodName=null; initMethodName=null; destroyMethodName=null]
[0107 17:35:40 INFO ] [main--org.springframework.orm.jpa.LocalContainerEntityManagerFactoryBean:287 ] - Building JPA container EntityManagerFactory for persistence unit 'default'
[0107 17:35:41 INFO ] [main--org.hibernate.annotations.common.Version:37 ] - Hibernate Commons Annotations 3.2.0.Final
[0107 17:35:41 INFO ] [main--org.hibernate.cfg.Environment:603 ] - Hibernate 3.6.10.Final
[0107 17:35:41 INFO ] [main--org.hibernate.cfg.Environment:636 ] - hibernate.properties not found
[0107 17:35:41 INFO ] [main--org.hibernate.cfg.Environment:814 ] - Bytecode provider name : javassist
[0107 17:35:41 INFO ] [main--org.hibernate.cfg.Environment:695 ] - using JDK 1.4 java.sql.Timestamp handling
[0107 17:35:41 INFO ] [main--org.hibernate.ejb.Version:42 ] - Hibernate EntityManager 3.6.10.Final
[0107 17:35:41 INFO ] [main--org.hibernate.cfg.AnnotationBinder:532 ] - Binding entity from annotated class: org.crimenetwork.oracle.entity.cases.CaseBaseInfo
[0107 17:35:41 INFO ] [main--org.hibernate.cfg.annotations.EntityBinder:530 ] - Bind entity org.crimenetwork.oracle.entity.cases.CaseBaseInfo on table case_info
[0107 17:35:41 INFO ] [main--org.hibernate.cfg.AnnotationBinder:532 ] - Binding entity from annotated class: org.crimenetwork.oracle.entity.currency.CategoryType
[0107 17:35:41 INFO ] [main--org.hibernate.cfg.annotations.EntityBinder:530 ] - Bind entity org.crimenetwork.oracle.entity.currency.CategoryType on table jiabi_category_type
[0107 17:35:41 INFO ] [main--org.hibernate.cfg.AnnotationBinder:532 ] - Binding entity from annotated class: org.crimenetwork.oracle.entity.currency.ClassificationNumber
[0107 17:35:41 INFO ] [main--org.hibernate.cfg.annotations.EntityBinder:530 ] - Bind entity org.crimenetwork.oracle.entity.currency.ClassificationNumber on table Jiabi_identify
[0107 17:35:41 INFO ] [main--org.hibernate.cfg.AnnotationBinder:532 ] - Binding entity from annotated class: org.crimenetwork.oracle.entity.currency.CurrencyCharacterTrain
[0107 17:35:41 INFO ] [main--org.hibernate.cfg.annotations.EntityBinder:530 ] - Bind entity org.crimenetwork.oracle.entity.currency.CurrencyCharacterTrain on table currency_character_train
[0107 17:35:41 INFO ] [main--org.hibernate.cfg.AnnotationBinder:532 ] - Binding entity from annotated class: org.crimenetwork.oracle.entity.currency.CurrencyType
[0107 17:35:41 INFO ] [main--org.hibernate.cfg.annotations.EntityBinder:530 ] - Bind entity org.crimenetwork.oracle.entity.currency.CurrencyType on table currency_type
[0107 17:35:41 INFO ] [main--org.hibernate.cfg.AnnotationBinder:532 ] - Binding entity from annotated class: org.crimenetwork.oracle.entity.currency.DataFrom
[0107 17:35:41 INFO ] [main--org.hibernate.cfg.annotations.EntityBinder:530 ] - Bind entity org.crimenetwork.oracle.entity.currency.DataFrom on table data_from
[0107 17:35:41 INFO ] [main--org.hibernate.cfg.AnnotationBinder:532 ] - Binding entity from annotated class: org.crimenetwork.oracle.entity.currency.DenominationType
[0107 17:35:41 INFO ] [main--org.hibernate.cfg.annotations.EntityBinder:530 ] - Bind entity org.crimenetwork.oracle.entity.currency.DenominationType on table jiabi_denomination_type
[0107 17:35:41 INFO ] [main--org.hibernate.cfg.AnnotationBinder:532 ] - Binding entity from annotated class: org.crimenetwork.oracle.entity.currency.ForgeType
[0107 17:35:41 INFO ] [main--org.hibernate.cfg.annotations.EntityBinder:530 ] - Bind entity org.crimenetwork.oracle.entity.currency.ForgeType on table forge_type
[0107 17:35:41 INFO ] [main--org.hibernate.cfg.AnnotationBinder:532 ] - Binding entity from annotated class: org.crimenetwork.oracle.entity.currency.JiabiBaseInfo
[0107 17:35:41 INFO ] [main--org.hibernate.cfg.annotations.EntityBinder:530 ] - Bind entity org.crimenetwork.oracle.entity.currency.JiabiBaseInfo on table jiabi_base_info
[0107 17:35:41 INFO ] [main--org.hibernate.cfg.AnnotationBinder:532 ] - Binding entity from annotated class: org.crimenetwork.oracle.entity.currency.JiabiBasePic
[0107 17:35:41 INFO ] [main--org.hibernate.cfg.annotations.EntityBinder:530 ] - Bind entity org.crimenetwork.oracle.entity.currency.JiabiBasePic on table jiabi_base_pic
[0107 17:35:41 INFO ] [main--org.hibernate.cfg.AnnotationBinder:532 ] - Binding entity from annotated class: org.crimenetwork.oracle.entity.currency.JiabiExtendInfo
[0107 17:35:41 INFO ] [main--org.hibernate.cfg.annotations.EntityBinder:530 ] - Bind entity org.crimenetwork.oracle.entity.currency.JiabiExtendInfo on table jiabi_extend_info
[0107 17:35:41 INFO ] [main--org.hibernate.cfg.AnnotationBinder:532 ] - Binding entity from annotated class: org.crimenetwork.oracle.entity.currency.PicType
[0107 17:35:41 INFO ] [main--org.hibernate.cfg.annotations.EntityBinder:530 ] - Bind entity org.crimenetwork.oracle.entity.currency.PicType on table pic_type
[0107 17:35:41 INFO ] [main--org.hibernate.cfg.AnnotationBinder:532 ] - Binding entity from annotated class: org.crimenetwork.oracle.entity.currency.VersionType
[0107 17:35:41 INFO ] [main--org.hibernate.cfg.annotations.EntityBinder:530 ] - Bind entity org.crimenetwork.oracle.entity.currency.VersionType on table jiabi_version_type
[0107 17:35:41 INFO ] [main--org.hibernate.cfg.AnnotationBinder:532 ] - Binding entity from annotated class: org.crimenetwork.oracle.entity.jiabisim.SimDenominationType
[0107 17:35:41 INFO ] [main--org.hibernate.cfg.annotations.EntityBinder:530 ] - Bind entity org.crimenetwork.oracle.entity.jiabisim.SimDenominationType on table jiabi_denomination_type
[0107 17:35:41 INFO ] [main--org.hibernate.cfg.AnnotationBinder:532 ] - Binding entity from annotated class: org.crimenetwork.oracle.entity.jiabisim.SimJiabiBaseInfo
[0107 17:35:41 INFO ] [main--org.hibernate.cfg.annotations.EntityBinder:530 ] - Bind entity org.crimenetwork.oracle.entity.jiabisim.SimJiabiBaseInfo on table jiabi_base_info
[0107 17:35:41 INFO ] [main--org.hibernate.cfg.AnnotationBinder:532 ] - Binding entity from annotated class: org.crimenetwork.oracle.entity.share.ContinentCode
[0107 17:35:41 INFO ] [main--org.hibernate.cfg.annotations.EntityBinder:530 ] - Bind entity org.crimenetwork.oracle.entity.share.ContinentCode on table continent_code
[0107 17:35:41 INFO ] [main--org.hibernate.cfg.AnnotationBinder:532 ] - Binding entity from annotated class: org.crimenetwork.oracle.entity.share.CountryCode
[0107 17:35:41 INFO ] [main--org.hibernate.cfg.annotations.EntityBinder:530 ] - Bind entity org.crimenetwork.oracle.entity.share.CountryCode on table country_code
[0107 17:35:41 INFO ] [main--org.hibernate.cfg.AnnotationBinder:532 ] - Binding entity from annotated class: org.crimenetwork.oracle.entity.share.EduLevel
[0107 17:35:41 INFO ] [main--org.hibernate.cfg.annotations.EntityBinder:530 ] - Bind entity org.crimenetwork.oracle.entity.share.EduLevel on table edu_level
[0107 17:35:41 INFO ] [main--org.hibernate.cfg.AnnotationBinder:532 ] - Binding entity from annotated class: org.crimenetwork.oracle.entity.share.Location
[0107 17:35:41 INFO ] [main--org.hibernate.cfg.annotations.EntityBinder:530 ] - Bind entity org.crimenetwork.oracle.entity.share.Location on table location_code
[0107 17:35:41 INFO ] [main--org.hibernate.cfg.AnnotationBinder:532 ] - Binding entity from annotated class: org.crimenetwork.oracle.entity.share.LocationCode
[0107 17:35:41 INFO ] [main--org.hibernate.cfg.annotations.EntityBinder:530 ] - Bind entity org.crimenetwork.oracle.entity.share.LocationCode on table location_code
[0107 17:35:41 INFO ] [main--org.hibernate.cfg.AnnotationBinder:532 ] - Binding entity from annotated class: org.crimenetwork.oracle.entity.share.ProcessMode
[0107 17:35:41 INFO ] [main--org.hibernate.cfg.annotations.EntityBinder:530 ] - Bind entity org.crimenetwork.oracle.entity.share.ProcessMode on table process_mode
[0107 17:35:41 INFO ] [main--org.hibernate.cfg.AnnotationBinder:532 ] - Binding entity from annotated class: org.crimenetwork.oracle.entity.share.Sif
[0107 17:35:41 INFO ] [main--org.hibernate.cfg.annotations.EntityBinder:530 ] - Bind entity org.crimenetwork.oracle.entity.share.Sif on table SIF
[0107 17:35:41 INFO ] [main--org.hibernate.cfg.AnnotationBinder:532 ] - Binding entity from annotated class: org.crimenetwork.oracle.entity.share.UserInfo
[0107 17:35:41 INFO ] [main--org.hibernate.cfg.annotations.EntityBinder:530 ] - Bind entity org.crimenetwork.oracle.entity.share.UserInfo on table user_info
[0107 17:35:41 INFO ] [main--org.hibernate.cfg.AnnotationBinder:532 ] - Binding entity from annotated class: org.crimenetwork.oracle.entity.suspect.CurrentState
[0107 17:35:41 INFO ] [main--org.hibernate.cfg.annotations.EntityBinder:530 ] - Bind entity org.crimenetwork.oracle.entity.suspect.CurrentState on table current_state
[0107 17:35:41 INFO ] [main--org.hibernate.cfg.AnnotationBinder:532 ] - Binding entity from annotated class: org.crimenetwork.oracle.entity.suspect.Gender
[0107 17:35:41 INFO ] [main--org.hibernate.cfg.annotations.EntityBinder:530 ] - Bind entity org.crimenetwork.oracle.entity.suspect.Gender on table gender
[0107 17:35:41 INFO ] [main--org.hibernate.cfg.AnnotationBinder:532 ] - Binding entity from annotated class: org.crimenetwork.oracle.entity.suspect.Nation
[0107 17:35:41 INFO ] [main--org.hibernate.cfg.annotations.EntityBinder:530 ] - Bind entity org.crimenetwork.oracle.entity.suspect.Nation on table nation
[0107 17:35:41 INFO ] [main--org.hibernate.cfg.AnnotationBinder:532 ] - Binding entity from annotated class: org.crimenetwork.oracle.entity.suspect.Occupation
[0107 17:35:41 INFO ] [main--org.hibernate.cfg.annotations.EntityBinder:530 ] - Bind entity org.crimenetwork.oracle.entity.suspect.Occupation on table occupation
[0107 17:35:41 INFO ] [main--org.hibernate.cfg.AnnotationBinder:532 ] - Binding entity from annotated class: org.crimenetwork.oracle.entity.suspect.SuspectBaseInfo
[0107 17:35:41 INFO ] [main--org.hibernate.cfg.annotations.EntityBinder:530 ] - Bind entity org.crimenetwork.oracle.entity.suspect.SuspectBaseInfo on table suspect_info
[0107 17:35:41 INFO ] [main--org.hibernate.cfg.annotations.CollectionBinder:762 ] - Mapping collection: org.crimenetwork.oracle.entity.currency.CurrencyType.jiabiBaseInfos -> jiabi_base_info
[0107 17:35:41 INFO ] [main--org.hibernate.cfg.annotations.CollectionBinder:762 ] - Mapping collection: org.crimenetwork.oracle.entity.currency.JiabiBaseInfo.jiabiBasePics -> jiabi_base_pic
[0107 17:35:41 INFO ] [main--org.hibernate.cfg.annotations.CollectionBinder:762 ] - Mapping collection: org.crimenetwork.oracle.entity.currency.JiabiBaseInfo.jiabiExtendInfos -> jiabi_extend_info
[0107 17:35:41 INFO ] [main--org.hibernate.cfg.annotations.CollectionBinder:762 ] - Mapping collection: org.crimenetwork.oracle.entity.jiabisim.SimDenominationType.jiabiBaseInfos -> jiabi_base_info
[0107 17:35:41 INFO ] [main--org.hibernate.cfg.annotations.CollectionBinder:762 ] - Mapping collection: org.crimenetwork.oracle.entity.jiabisim.SimJiabiBaseInfo.jiabiBasePics -> jiabi_base_pic
[0107 17:35:41 INFO ] [main--org.hibernate.cfg.annotations.CollectionBinder:762 ] - Mapping collection: org.crimenetwork.oracle.entity.suspect.Nation.suspectInfos -> suspect_info
[0107 17:35:41 INFO ] [main--org.hibernate.cfg.Configuration:1676 ] - Hibernate Validator not found: ignoring
[0107 17:35:41 INFO ] [main--org.hibernate.cfg.search.HibernateSearchEventListenerRegister:75 ] - Unable to find org.hibernate.search.event.FullTextIndexEventListener on the classpath. Hibernate Search is not enabled.
[0107 17:35:41 INFO ] [main--org.hibernate.connection.ConnectionProviderFactory:173 ] - Initializing connection provider: org.hibernate.ejb.connection.InjectedDataSourceConnectionProvider
[0107 17:35:41 INFO ] [main--org.hibernate.ejb.connection.InjectedDataSourceConnectionProvider:62 ] - Using provided datasource
