[0916 20:11:12 WARN ] [main--org.springframework.context.support.ClassPathXmlApplicationContext:489 ] - Exception encountered during context initialization - cancelling refresh attempt
org.springframework.beans.factory.BeanCreationException: Error creating bean with name 'mongoTemplate' defined in URL [file:/E:/Github/crimenetwork/crimenetwork-mongodb/target/classes/database/mongodb/datasourse.xml]: Instantiation of bean failed; nested exception is org.springframework.beans.BeanInstantiationException: Could not instantiate bean class [org.springframework.data.mongodb.core.MongoTemplate]: Constructor threw exception; nested exception is java.lang.NoClassDefFoundError: org/springframework/data/mapping/model/FieldNamingStrategy
	at org.springframework.beans.factory.support.ConstructorResolver.autowireConstructor(ConstructorResolver.java:278)
	at org.springframework.beans.factory.support.AbstractAutowireCapableBeanFactory.autowireConstructor(AbstractAutowireCapableBeanFactory.java:1115)
	at org.springframework.beans.factory.support.AbstractAutowireCapableBeanFactory.createBeanInstance(AbstractAutowireCapableBeanFactory.java:1018)
	at org.springframework.beans.factory.support.AbstractAutowireCapableBeanFactory.doCreateBean(AbstractAutowireCapableBeanFactory.java:504)
	at org.springframework.beans.factory.support.AbstractAutowireCapableBeanFactory.createBean(AbstractAutowireCapableBeanFactory.java:475)
	at org.springframework.beans.factory.support.AbstractBeanFactory$1.getObject(AbstractBeanFactory.java:302)
	at org.springframework.beans.factory.support.DefaultSingletonBeanRegistry.getSingleton(DefaultSingletonBeanRegistry.java:228)
	at org.springframework.beans.factory.support.AbstractBeanFactory.doGetBean(AbstractBeanFactory.java:298)
	at org.springframework.beans.factory.support.AbstractBeanFactory.getBean(AbstractBeanFactory.java:193)
	at org.springframework.beans.factory.support.DefaultListableBeanFactory.preInstantiateSingletons(DefaultListableBeanFactory.java:706)
	at org.springframework.context.support.AbstractApplicationContext.finishBeanFactoryInitialization(AbstractApplicationContext.java:762)
	at org.springframework.context.support.AbstractApplicationContext.refresh(AbstractApplicationContext.java:482)
	at org.springframework.context.support.ClassPathXmlApplicationContext.<init>(ClassPathXmlApplicationContext.java:139)
	at org.springframework.context.support.ClassPathXmlApplicationContext.<init>(ClassPathXmlApplicationContext.java:93)
	at org.crimenetwork.dataextraction.App.main(App.java:23)
Caused by: org.springframework.beans.BeanInstantiationException: Could not instantiate bean class [org.springframework.data.mongodb.core.MongoTemplate]: Constructor threw exception; nested exception is java.lang.NoClassDefFoundError: org/springframework/data/mapping/model/FieldNamingStrategy
	at org.springframework.beans.BeanUtils.instantiateClass(BeanUtils.java:164)
	at org.springframework.beans.factory.support.SimpleInstantiationStrategy.instantiate(SimpleInstantiationStrategy.java:125)
	at org.springframework.beans.factory.support.ConstructorResolver.autowireConstructor(ConstructorResolver.java:270)
	... 14 more
Caused by: java.lang.NoClassDefFoundError: org/springframework/data/mapping/model/FieldNamingStrategy
	at org.springframework.data.mongodb.core.MongoTemplate.getDefaultMongoConverter(MongoTemplate.java:1962)
	at org.springframework.data.mongodb.core.MongoTemplate.<init>(MongoTemplate.java:210)
	at org.springframework.data.mongodb.core.MongoTemplate.<init>(MongoTemplate.java:195)
	at sun.reflect.NativeConstructorAccessorImpl.newInstance0(Native Method)
	at sun.reflect.NativeConstructorAccessorImpl.newInstance(NativeConstructorAccessorImpl.java:57)
	at sun.reflect.DelegatingConstructorAccessorImpl.newInstance(DelegatingConstructorAccessorImpl.java:45)
	at java.lang.reflect.Constructor.newInstance(Constructor.java:526)
	at org.springframework.beans.BeanUtils.instantiateClass(BeanUtils.java:148)
	... 16 more
Caused by: java.lang.ClassNotFoundException: org.springframework.data.mapping.model.FieldNamingStrategy
	at java.net.URLClassLoader$1.run(URLClassLoader.java:366)
	at java.net.URLClassLoader$1.run(URLClassLoader.java:355)
	at java.security.AccessController.doPrivileged(Native Method)
	at java.net.URLClassLoader.findClass(URLClassLoader.java:354)
	at java.lang.ClassLoader.loadClass(ClassLoader.java:425)
	at sun.misc.Launcher$AppClassLoader.loadClass(Launcher.java:308)
	at java.lang.ClassLoader.loadClass(ClassLoader.java:358)
	... 24 more
